Copyright 1986-2017 Xilinx, Inc. All Rights Reserved.
--------------------------------------------------------------------------------------------------------------------------------------------------------------------------------------------
| Tool Version : Vivado v.2017.4 (win64) Build 2086221 Fri Dec 15 20:55:39 MST 2017
| Date         : Mon Jun 25 13:29:24 2018
| Host         : DESKTOP-ANME3V9 running 64-bit major release  (build 9200)
| Command      : report_methodology -file NV_project_wrapper_methodology_drc_routed.rpt -pb NV_project_wrapper_methodology_drc_routed.pb -rpx NV_project_wrapper_methodology_drc_routed.rpx
| Design       : NV_project_wrapper
| Device       : xc7z020clg400-1
| Speed File   : -1
| Design State : Routed
--------------------------------------------------------------------------------------------------------------------------------------------------------------------------------------------

Report Methodology

Table of Contents
-----------------
1. REPORT SUMMARY
2. REPORT DETAILS

1. REPORT SUMMARY
-----------------
            Netlist: netlist
          Floorplan: design_1
      Design limits: <entire design considered>
             Max violations: <unlimited>
             Violations found: 423
+-----------+----------+-------------------------------------------------+------------+
| Rule      | Severity | Description                                     | Violations |
+-----------+----------+-------------------------------------------------+------------+
| PDRC-190  | Warning  | Suboptimally placed synchronized register chain | 16         |
| TIMING-6  | Warning  | No common primary clock between related clocks  | 3          |
| TIMING-7  | Warning  | No common node between related clocks           | 3          |
| TIMING-16 | Warning  | Large setup violation                           | 9          |
| TIMING-17 | Warning  | Non-clocked sequential cell                     | 351        |
| TIMING-18 | Warning  | Missing input or output delay                   | 21         |
| XDCB-5    | Warning  | Runtime inefficient way to find pin objects     | 20         |
+-----------+----------+-------------------------------------------------+------------+

2. REPORT DETAILS
-----------------
PDRC-190#1 Warning
Suboptimally placed synchronized register chain  
The FDRE cell dbg_hub/inst/BSCANID.u_xsdbm_id/CORE_XSDB.UUT_MASTER/U_ICON_INTERFACE/U_CMD2/stat_reg_reg[0] in site SLICE_X80Y69 is part of a synchronized register chain that is suboptimally placed as the load FDRE cell dbg_hub/inst/BSCANID.u_xsdbm_id/CORE_XSDB.UUT_MASTER/U_ICON_INTERFACE/U_CMD2/stat_reg_1_reg[0] is not placed in the same (SLICE) site.
Related violations: <none>

PDRC-190#2 Warning
Suboptimally placed synchronized register chain  
The FDRE cell dbg_hub/inst/BSCANID.u_xsdbm_id/CORE_XSDB.UUT_MASTER/U_ICON_INTERFACE/U_CMD2/stat_reg_reg[1] in site SLICE_X80Y71 is part of a synchronized register chain that is suboptimally placed as the load FDRE cell dbg_hub/inst/BSCANID.u_xsdbm_id/CORE_XSDB.UUT_MASTER/U_ICON_INTERFACE/U_CMD2/stat_reg_1_reg[1] is not placed in the same (SLICE) site.
Related violations: <none>

PDRC-190#3 Warning
Suboptimally placed synchronized register chain  
The FDRE cell dbg_hub/inst/BSCANID.u_xsdbm_id/CORE_XSDB.UUT_MASTER/U_ICON_INTERFACE/U_CMD2/stat_reg_reg[2] in site SLICE_X81Y69 is part of a synchronized register chain that is suboptimally placed as the load FDRE cell dbg_hub/inst/BSCANID.u_xsdbm_id/CORE_XSDB.UUT_MASTER/U_ICON_INTERFACE/U_CMD2/stat_reg_1_reg[2] is not placed in the same (SLICE) site.
Related violations: <none>

PDRC-190#4 Warning
Suboptimally placed synchronized register chain  
The FDRE cell dbg_hub/inst/BSCANID.u_xsdbm_id/CORE_XSDB.UUT_MASTER/U_ICON_INTERFACE/U_CMD2/stat_reg_reg[3] in site SLICE_X81Y71 is part of a synchronized register chain that is suboptimally placed as the load FDRE cell dbg_hub/inst/BSCANID.u_xsdbm_id/CORE_XSDB.UUT_MASTER/U_ICON_INTERFACE/U_CMD2/stat_reg_1_reg[3] is not placed in the same (SLICE) site.
Related violations: <none>

PDRC-190#5 Warning
Suboptimally placed synchronized register chain  
The FDRE cell dbg_hub/inst/BSCANID.u_xsdbm_id/CORE_XSDB.UUT_MASTER/U_ICON_INTERFACE/U_CMD3/stat_reg_reg[0] in site SLICE_X84Y73 is part of a synchronized register chain that is suboptimally placed as the load FDRE cell dbg_hub/inst/BSCANID.u_xsdbm_id/CORE_XSDB.UUT_MASTER/U_ICON_INTERFACE/U_CMD3/stat_reg_1_reg[0] is not placed in the same (SLICE) site.
Related violations: <none>

PDRC-190#6 Warning
Suboptimally placed synchronized register chain  
The FDRE cell dbg_hub/inst/BSCANID.u_xsdbm_id/CORE_XSDB.UUT_MASTER/U_ICON_INTERFACE/U_CMD3/stat_reg_reg[1] in site SLICE_X82Y71 is part of a synchronized register chain that is suboptimally placed as the load FDRE cell dbg_hub/inst/BSCANID.u_xsdbm_id/CORE_XSDB.UUT_MASTER/U_ICON_INTERFACE/U_CMD3/stat_reg_1_reg[1] is not placed in the same (SLICE) site.
Related violations: <none>

PDRC-190#7 Warning
Suboptimally placed synchronized register chain  
The FDRE cell dbg_hub/inst/BSCANID.u_xsdbm_id/CORE_XSDB.UUT_MASTER/U_ICON_INTERFACE/U_CMD3/stat_reg_reg[2] in site SLICE_X83Y71 is part of a synchronized register chain that is suboptimally placed as the load FDRE cell dbg_hub/inst/BSCANID.u_xsdbm_id/CORE_XSDB.UUT_MASTER/U_ICON_INTERFACE/U_CMD3/stat_reg_1_reg[2] is not placed in the same (SLICE) site.
Related violations: <none>

PDRC-190#8 Warning
Suboptimally placed synchronized register chain  
The FDRE cell dbg_hub/inst/BSCANID.u_xsdbm_id/CORE_XSDB.UUT_MASTER/U_ICON_INTERFACE/U_CMD4/shift_reg_in_reg[12] in site SLICE_X86Y71 is part of a synchronized register chain that is suboptimally placed as the load FDRE cell dbg_hub/inst/BSCANID.u_xsdbm_id/CORE_XSDB.UUT_MASTER/U_ICON_INTERFACE/U_CMD4/shift_reg_in_reg[11] is not placed in the same (SLICE) site.
Related violations: <none>

PDRC-190#9 Warning
Suboptimally placed synchronized register chain  
The FDRE cell dbg_hub/inst/BSCANID.u_xsdbm_id/CORE_XSDB.UUT_MASTER/U_ICON_INTERFACE/U_CMD4/shift_reg_in_reg[20] in site SLICE_X86Y70 is part of a synchronized register chain that is suboptimally placed as the load FDRE cell dbg_hub/inst/BSCANID.u_xsdbm_id/CORE_XSDB.UUT_MASTER/U_ICON_INTERFACE/U_CMD4/shift_reg_in_reg[19] is not placed in the same (SLICE) site.
Related violations: <none>

PDRC-190#10 Warning
Suboptimally placed synchronized register chain  
The FDRE cell dbg_hub/inst/BSCANID.u_xsdbm_id/CORE_XSDB.UUT_MASTER/U_ICON_INTERFACE/U_CMD4/shift_reg_in_reg[4] in site SLICE_X86Y72 is part of a synchronized register chain that is suboptimally placed as the load FDRE cell dbg_hub/inst/BSCANID.u_xsdbm_id/CORE_XSDB.UUT_MASTER/U_ICON_INTERFACE/U_CMD4/shift_reg_in_reg[3] is not placed in the same (SLICE) site.
Related violations: <none>

PDRC-190#11 Warning
Suboptimally placed synchronized register chain  
The FDRE cell dbg_hub/inst/BSCANID.u_xsdbm_id/CORE_XSDB.UUT_MASTER/U_ICON_INTERFACE/U_CMD5/shift_reg_in_reg[10] in site SLICE_X66Y68 is part of a synchronized register chain that is suboptimally placed as the load FDRE cell dbg_hub/inst/BSCANID.u_xsdbm_id/CORE_XSDB.UUT_MASTER/U_ICON_INTERFACE/U_CMD5/shift_reg_in_reg[9] is not placed in the same (SLICE) site.
Related violations: <none>

PDRC-190#12 Warning
Suboptimally placed synchronized register chain  
The FDRE cell dbg_hub/inst/BSCANID.u_xsdbm_id/CORE_XSDB.UUT_MASTER/U_ICON_INTERFACE/U_CMD5/shift_reg_in_reg[2] in site SLICE_X66Y69 is part of a synchronized register chain that is suboptimally placed as the load FDRE cell dbg_hub/inst/BSCANID.u_xsdbm_id/CORE_XSDB.UUT_MASTER/U_ICON_INTERFACE/U_CMD5/shift_reg_in_reg[1] is not placed in the same (SLICE) site.
Related violations: <none>

PDRC-190#13 Warning
Suboptimally placed synchronized register chain  
The FDRE cell dbg_hub/inst/BSCANID.u_xsdbm_id/CORE_XSDB.UUT_MASTER/U_ICON_INTERFACE/U_CMD7_CTL/shift_reg_in_reg[0] in site SLICE_X89Y71 is part of a synchronized register chain that is suboptimally placed as the load FDRE cell dbg_hub/inst/BSCANID.u_xsdbm_id/CORE_XSDB.UUT_MASTER/U_ICON_INTERFACE/U_CMD7_STAT/stat_reg_reg[0] is not placed in the same (SLICE) site.
Related violations: <none>

PDRC-190#14 Warning
Suboptimally placed synchronized register chain  
The FDRE cell dbg_hub/inst/BSCANID.u_xsdbm_id/CORE_XSDB.UUT_MASTER/U_ICON_INTERFACE/U_CMD7_STAT/stat_reg_reg[0] in site SLICE_X89Y72 is part of a synchronized register chain that is suboptimally placed as the load FDRE cell dbg_hub/inst/BSCANID.u_xsdbm_id/CORE_XSDB.UUT_MASTER/U_ICON_INTERFACE/U_CMD7_STAT/stat_reg_1_reg[0] is not placed in the same (SLICE) site.
Related violations: <none>

PDRC-190#15 Warning
Suboptimally placed synchronized register chain  
The FDRE cell dbg_hub/inst/BSCANID.u_xsdbm_id/CORE_XSDB.UUT_MASTER/U_ICON_INTERFACE/U_CMD7_STAT/stat_reg_reg[1] in site SLICE_X88Y74 is part of a synchronized register chain that is suboptimally placed as the load FDRE cell dbg_hub/inst/BSCANID.u_xsdbm_id/CORE_XSDB.UUT_MASTER/U_ICON_INTERFACE/U_CMD7_STAT/stat_reg_1_reg[1] is not placed in the same (SLICE) site.
Related violations: <none>

PDRC-190#16 Warning
Suboptimally placed synchronized register chain  
The FDRE cell dbg_hub/inst/BSCANID.u_xsdbm_id/CORE_XSDB.UUT_MASTER/U_ICON_INTERFACE/U_CMD7_STAT/stat_reg_reg[2] in site SLICE_X89Y74 is part of a synchronized register chain that is suboptimally placed as the load FDRE cell dbg_hub/inst/BSCANID.u_xsdbm_id/CORE_XSDB.UUT_MASTER/U_ICON_INTERFACE/U_CMD7_STAT/stat_reg_1_reg[2] is not placed in the same (SLICE) site.
Related violations: <none>

TIMING-6#1 Warning
No common primary clock between related clocks  
The clocks clk_fpga_0 and clk_fpga_2 are related (timed together) but they have no common primary clock. The design could fail in hardware. To find a timing path between these clocks, run the following command: report_timing -from [get_clocks clk_fpga_0] -to [get_clocks clk_fpga_2]
Related violations: <none>

TIMING-6#2 Warning
No common primary clock between related clocks  
The clocks clk_fpga_1 and clk_fpga_0 are related (timed together) but they have no common primary clock. The design could fail in hardware. To find a timing path between these clocks, run the following command: report_timing -from [get_clocks clk_fpga_1] -to [get_clocks clk_fpga_0]
Related violations: <none>

TIMING-6#3 Warning
No common primary clock between related clocks  
The clocks clk_fpga_2 and clk_fpga_0 are related (timed together) but they have no common primary clock. The design could fail in hardware. To find a timing path between these clocks, run the following command: report_timing -from [get_clocks clk_fpga_2] -to [get_clocks clk_fpga_0]
Related violations: <none>

TIMING-7#1 Warning
No common node between related clocks  
The clocks clk_fpga_0 and clk_fpga_2 are related (timed together) but they have no common node. The design could fail in hardware. To find a timing path between these clocks, run the following command: report_timing -from [get_clocks clk_fpga_0] -to [get_clocks clk_fpga_2]
Related violations: <none>

TIMING-7#2 Warning
No common node between related clocks  
The clocks clk_fpga_1 and clk_fpga_0 are related (timed together) but they have no common node. The design could fail in hardware. To find a timing path between these clocks, run the following command: report_timing -from [get_clocks clk_fpga_1] -to [get_clocks clk_fpga_0]
Related violations: <none>

TIMING-7#3 Warning
No common node between related clocks  
The clocks clk_fpga_2 and clk_fpga_0 are related (timed together) but they have no common node. The design could fail in hardware. To find a timing path between these clocks, run the following command: report_timing -from [get_clocks clk_fpga_2] -to [get_clocks clk_fpga_0]
Related violations: <none>

TIMING-16#1 Warning
Large setup violation  
There is a large setup violation of -1.096 ns between NV_project_i/dc_dc_0/U0/T1_out_1_data_reg_reg/C (clocked by clk_fpga_0) and Din_out_18 (clocked by clk_fpga_0). Large setup violations at the end of those stages might be difficult to fix during the post-placement implementation flow and could be the result of non-optimal XDC constraints or non-optimal design architecture
Related violations: <none>

TIMING-16#2 Warning
Large setup violation  
There is a large setup violation of -1.146 ns between NV_project_i/dc_dc_0/U0/T2_out_1_data_reg_reg/C (clocked by clk_fpga_0) and Din_out_20 (clocked by clk_fpga_0). Large setup violations at the end of those stages might be difficult to fix during the post-placement implementation flow and could be the result of non-optimal XDC constraints or non-optimal design architecture
Related violations: <none>

TIMING-16#3 Warning
Large setup violation  
There is a large setup violation of -2.525 ns between NV_project_i/DAC_121s101_0/U0/clk_counter_reg[0]/C (clocked by clk_fpga_1) and SCLK_out_2 (clocked by clk_fpga_0). Large setup violations at the end of those stages might be difficult to fix during the post-placement implementation flow and could be the result of non-optimal XDC constraints or non-optimal design architecture
Related violations: <none>

TIMING-16#4 Warning
Large setup violation  
There is a large setup violation of -2.534 ns between NV_project_i/DAC_121s101_0/U0/clk_counter_reg[0]/C (clocked by clk_fpga_1) and SCLK_out_0 (clocked by clk_fpga_0). Large setup violations at the end of those stages might be difficult to fix during the post-placement implementation flow and could be the result of non-optimal XDC constraints or non-optimal design architecture
Related violations: <none>

TIMING-16#5 Warning
Large setup violation  
There is a large setup violation of -2.537 ns between NV_project_i/DAC_121s101_0/U0/clk_counter_reg[0]/C (clocked by clk_fpga_1) and SCLK_out_1 (clocked by clk_fpga_0). Large setup violations at the end of those stages might be difficult to fix during the post-placement implementation flow and could be the result of non-optimal XDC constraints or non-optimal design architecture
Related violations: <none>

TIMING-16#6 Warning
Large setup violation  
There is a large setup violation of -2.570 ns between NV_project_i/DAC_121s101_0/U0/clk_counter_reg[0]/C (clocked by clk_fpga_1) and SCLK_out_4 (clocked by clk_fpga_0). Large setup violations at the end of those stages might be difficult to fix during the post-placement implementation flow and could be the result of non-optimal XDC constraints or non-optimal design architecture
Related violations: <none>

TIMING-16#7 Warning
Large setup violation  
There is a large setup violation of -2.594 ns between NV_project_i/DAC_121s101_0/U0/clk_counter_reg[0]/C (clocked by clk_fpga_1) and SCLK_out_6 (clocked by clk_fpga_0). Large setup violations at the end of those stages might be difficult to fix during the post-placement implementation flow and could be the result of non-optimal XDC constraints or non-optimal design architecture
Related violations: <none>

TIMING-16#8 Warning
Large setup violation  
There is a large setup violation of -2.609 ns between NV_project_i/DAC_121s101_0/U0/clk_counter_reg[0]/C (clocked by clk_fpga_1) and SCLK_out_3 (clocked by clk_fpga_0). Large setup violations at the end of those stages might be difficult to fix during the post-placement implementation flow and could be the result of non-optimal XDC constraints or non-optimal design architecture
Related violations: <none>

TIMING-16#9 Warning
Large setup violation  
There is a large setup violation of -4.920 ns between NV_project_i/AD_5293_v2_0/U0/clk_counter_reg[0]/C (clocked by clk_fpga_2) and SCLK_out_7 (clocked by clk_fpga_0). Large setup violations at the end of those stages might be difficult to fix during the post-placement implementation flow and could be the result of non-optimal XDC constraints or non-optimal design architecture
Related violations: <none>

TIMING-17#1 Warning
Non-clocked sequential cell  
The clock pin NV_project_i/AD1RefComp_0/U0/DATA1_reg[0]/C is not reached by a timing clock
Related violations: <none>

TIMING-17#2 Warning
Non-clocked sequential cell  
The clock pin NV_project_i/AD1RefComp_0/U0/DATA1_reg[10]/C is not reached by a timing clock
Related violations: <none>

TIMING-17#3 Warning
Non-clocked sequential cell  
The clock pin NV_project_i/AD1RefComp_0/U0/DATA1_reg[11]/C is not reached by a timing clock
Related violations: <none>

TIMING-17#4 Warning
Non-clocked sequential cell  
The clock pin NV_project_i/AD1RefComp_0/U0/DATA1_reg[1]/C is not reached by a timing clock
Related violations: <none>

TIMING-17#5 Warning
Non-clocked sequential cell  
The clock pin NV_project_i/AD1RefComp_0/U0/DATA1_reg[2]/C is not reached by a timing clock
Related violations: <none>

TIMING-17#6 Warning
Non-clocked sequential cell  
The clock pin NV_project_i/AD1RefComp_0/U0/DATA1_reg[3]/C is not reached by a timing clock
Related violations: <none>

TIMING-17#7 Warning
Non-clocked sequential cell  
The clock pin NV_project_i/AD1RefComp_0/U0/DATA1_reg[4]/C is not reached by a timing clock
Related violations: <none>

TIMING-17#8 Warning
Non-clocked sequential cell  
The clock pin NV_project_i/AD1RefComp_0/U0/DATA1_reg[5]/C is not reached by a timing clock
Related violations: <none>

TIMING-17#9 Warning
Non-clocked sequential cell  
The clock pin NV_project_i/AD1RefComp_0/U0/DATA1_reg[6]/C is not reached by a timing clock
Related violations: <none>

TIMING-17#10 Warning
Non-clocked sequential cell  
The clock pin NV_project_i/AD1RefComp_0/U0/DATA1_reg[7]/C is not reached by a timing clock
Related violations: <none>

TIMING-17#11 Warning
Non-clocked sequential cell  
The clock pin NV_project_i/AD1RefComp_0/U0/DATA1_reg[8]/C is not reached by a timing clock
Related violations: <none>

TIMING-17#12 Warning
Non-clocked sequential cell  
The clock pin NV_project_i/AD1RefComp_0/U0/DATA1_reg[9]/C is not reached by a timing clock
Related violations: <none>

TIMING-17#13 Warning
Non-clocked sequential cell  
The clock pin NV_project_i/AD1RefComp_0/U0/FSM_sequential_current_state_reg[0]/C is not reached by a timing clock
Related violations: <none>

TIMING-17#14 Warning
Non-clocked sequential cell  
The clock pin NV_project_i/AD1RefComp_0/U0/FSM_sequential_current_state_reg[1]/C is not reached by a timing clock
Related violations: <none>

TIMING-17#15 Warning
Non-clocked sequential cell  
The clock pin NV_project_i/AD1RefComp_0/U0/shiftCounter_reg[0]/C is not reached by a timing clock
Related violations: <none>

TIMING-17#16 Warning
Non-clocked sequential cell  
The clock pin NV_project_i/AD1RefComp_0/U0/shiftCounter_reg[1]/C is not reached by a timing clock
Related violations: <none>

TIMING-17#17 Warning
Non-clocked sequential cell  
The clock pin NV_project_i/AD1RefComp_0/U0/shiftCounter_reg[2]/C is not reached by a timing clock
Related violations: <none>

TIMING-17#18 Warning
Non-clocked sequential cell  
The clock pin NV_project_i/AD1RefComp_0/U0/shiftCounter_reg[3]/C is not reached by a timing clock
Related violations: <none>

TIMING-17#19 Warning
Non-clocked sequential cell  
The clock pin NV_project_i/AD1RefComp_0/U0/temp1_reg[0]/C is not reached by a timing clock
Related violations: <none>

TIMING-17#20 Warning
Non-clocked sequential cell  
The clock pin NV_project_i/AD1RefComp_0/U0/temp1_reg[10]/C is not reached by a timing clock
Related violations: <none>

TIMING-17#21 Warning
Non-clocked sequential cell  
The clock pin NV_project_i/AD1RefComp_0/U0/temp1_reg[11]/C is not reached by a timing clock
Related violations: <none>

TIMING-17#22 Warning
Non-clocked sequential cell  
The clock pin NV_project_i/AD1RefComp_0/U0/temp1_reg[1]/C is not reached by a timing clock
Related violations: <none>

TIMING-17#23 Warning
Non-clocked sequential cell  
The clock pin NV_project_i/AD1RefComp_0/U0/temp1_reg[2]/C is not reached by a timing clock
Related violations: <none>

TIMING-17#24 Warning
Non-clocked sequential cell  
The clock pin NV_project_i/AD1RefComp_0/U0/temp1_reg[3]/C is not reached by a timing clock
Related violations: <none>

TIMING-17#25 Warning
Non-clocked sequential cell  
The clock pin NV_project_i/AD1RefComp_0/U0/temp1_reg[4]/C is not reached by a timing clock
Related violations: <none>

TIMING-17#26 Warning
Non-clocked sequential cell  
The clock pin NV_project_i/AD1RefComp_0/U0/temp1_reg[5]/C is not reached by a timing clock
Related violations: <none>

TIMING-17#27 Warning
Non-clocked sequential cell  
The clock pin NV_project_i/AD1RefComp_0/U0/temp1_reg[6]/C is not reached by a timing clock
Related violations: <none>

TIMING-17#28 Warning
Non-clocked sequential cell  
The clock pin NV_project_i/AD1RefComp_0/U0/temp1_reg[7]/C is not reached by a timing clock
Related violations: <none>

TIMING-17#29 Warning
Non-clocked sequential cell  
The clock pin NV_project_i/AD1RefComp_0/U0/temp1_reg[8]/C is not reached by a timing clock
Related violations: <none>

TIMING-17#30 Warning
Non-clocked sequential cell  
The clock pin NV_project_i/AD1RefComp_0/U0/temp1_reg[9]/C is not reached by a timing clock
Related violations: <none>

TIMING-17#31 Warning
Non-clocked sequential cell  
The clock pin NV_project_i/AD_5293_v2_0/U0/FSM_sequential_current_state_reg[0]/C is not reached by a timing clock
Related violations: <none>

TIMING-17#32 Warning
Non-clocked sequential cell  
The clock pin NV_project_i/AD_5293_v2_0/U0/FSM_sequential_current_state_reg[1]/C is not reached by a timing clock
Related violations: <none>

TIMING-17#33 Warning
Non-clocked sequential cell  
The clock pin NV_project_i/AD_5293_v2_0/U0/shiftCounter_reg[0]/C is not reached by a timing clock
Related violations: <none>

TIMING-17#34 Warning
Non-clocked sequential cell  
The clock pin NV_project_i/AD_5293_v2_0/U0/shiftCounter_reg[1]/C is not reached by a timing clock
Related violations: <none>

TIMING-17#35 Warning
Non-clocked sequential cell  
The clock pin NV_project_i/AD_5293_v2_0/U0/shiftCounter_reg[2]/C is not reached by a timing clock
Related violations: <none>

TIMING-17#36 Warning
Non-clocked sequential cell  
The clock pin NV_project_i/AD_5293_v2_0/U0/shiftCounter_reg[3]/C is not reached by a timing clock
Related violations: <none>

TIMING-17#37 Warning
Non-clocked sequential cell  
The clock pin NV_project_i/AD_5293_v2_0/U0/temp1_reg[0]/C is not reached by a timing clock
Related violations: <none>

TIMING-17#38 Warning
Non-clocked sequential cell  
The clock pin NV_project_i/AD_5293_v2_0/U0/temp1_reg[10]/C is not reached by a timing clock
Related violations: <none>

TIMING-17#39 Warning
Non-clocked sequential cell  
The clock pin NV_project_i/AD_5293_v2_0/U0/temp1_reg[11]/C is not reached by a timing clock
Related violations: <none>

TIMING-17#40 Warning
Non-clocked sequential cell  
The clock pin NV_project_i/AD_5293_v2_0/U0/temp1_reg[12]/C is not reached by a timing clock
Related violations: <none>

TIMING-17#41 Warning
Non-clocked sequential cell  
The clock pin NV_project_i/AD_5293_v2_0/U0/temp1_reg[13]/C is not reached by a timing clock
Related violations: <none>

TIMING-17#42 Warning
Non-clocked sequential cell  
The clock pin NV_project_i/AD_5293_v2_0/U0/temp1_reg[14]/C is not reached by a timing clock
Related violations: <none>

TIMING-17#43 Warning
Non-clocked sequential cell  
The clock pin NV_project_i/AD_5293_v2_0/U0/temp1_reg[15]/C is not reached by a timing clock
Related violations: <none>

TIMING-17#44 Warning
Non-clocked sequential cell  
The clock pin NV_project_i/AD_5293_v2_0/U0/temp1_reg[15]_lopt_replica/C is not reached by a timing clock
Related violations: <none>

TIMING-17#45 Warning
Non-clocked sequential cell  
The clock pin NV_project_i/AD_5293_v2_0/U0/temp1_reg[1]/C is not reached by a timing clock
Related violations: <none>

TIMING-17#46 Warning
Non-clocked sequential cell  
The clock pin NV_project_i/AD_5293_v2_0/U0/temp1_reg[2]/C is not reached by a timing clock
Related violations: <none>

TIMING-17#47 Warning
Non-clocked sequential cell  
The clock pin NV_project_i/AD_5293_v2_0/U0/temp1_reg[3]/C is not reached by a timing clock
Related violations: <none>

TIMING-17#48 Warning
Non-clocked sequential cell  
The clock pin NV_project_i/AD_5293_v2_0/U0/temp1_reg[4]/C is not reached by a timing clock
Related violations: <none>

TIMING-17#49 Warning
Non-clocked sequential cell  
The clock pin NV_project_i/AD_5293_v2_0/U0/temp1_reg[5]/C is not reached by a timing clock
Related violations: <none>

TIMING-17#50 Warning
Non-clocked sequential cell  
The clock pin NV_project_i/AD_5293_v2_0/U0/temp1_reg[6]/C is not reached by a timing clock
Related violations: <none>

TIMING-17#51 Warning
Non-clocked sequential cell  
The clock pin NV_project_i/AD_5293_v2_0/U0/temp1_reg[7]/C is not reached by a timing clock
Related violations: <none>

TIMING-17#52 Warning
Non-clocked sequential cell  
The clock pin NV_project_i/AD_5293_v2_0/U0/temp1_reg[8]/C is not reached by a timing clock
Related violations: <none>

TIMING-17#53 Warning
Non-clocked sequential cell  
The clock pin NV_project_i/AD_5293_v2_0/U0/temp1_reg[9]/C is not reached by a timing clock
Related violations: <none>

TIMING-17#54 Warning
Non-clocked sequential cell  
The clock pin NV_project_i/AD_5293_v2_0/U0/temp2_reg[0]/C is not reached by a timing clock
Related violations: <none>

TIMING-17#55 Warning
Non-clocked sequential cell  
The clock pin NV_project_i/AD_5293_v2_0/U0/temp2_reg[10]/C is not reached by a timing clock
Related violations: <none>

TIMING-17#56 Warning
Non-clocked sequential cell  
The clock pin NV_project_i/AD_5293_v2_0/U0/temp2_reg[11]/C is not reached by a timing clock
Related violations: <none>

TIMING-17#57 Warning
Non-clocked sequential cell  
The clock pin NV_project_i/AD_5293_v2_0/U0/temp2_reg[12]/C is not reached by a timing clock
Related violations: <none>

TIMING-17#58 Warning
Non-clocked sequential cell  
The clock pin NV_project_i/AD_5293_v2_0/U0/temp2_reg[13]/C is not reached by a timing clock
Related violations: <none>

TIMING-17#59 Warning
Non-clocked sequential cell  
The clock pin NV_project_i/AD_5293_v2_0/U0/temp2_reg[14]/C is not reached by a timing clock
Related violations: <none>

TIMING-17#60 Warning
Non-clocked sequential cell  
The clock pin NV_project_i/AD_5293_v2_0/U0/temp2_reg[15]/C is not reached by a timing clock
Related violations: <none>

TIMING-17#61 Warning
Non-clocked sequential cell  
The clock pin NV_project_i/AD_5293_v2_0/U0/temp2_reg[15]_lopt_replica/C is not reached by a timing clock
Related violations: <none>

TIMING-17#62 Warning
Non-clocked sequential cell  
The clock pin NV_project_i/AD_5293_v2_0/U0/temp2_reg[1]/C is not reached by a timing clock
Related violations: <none>

TIMING-17#63 Warning
Non-clocked sequential cell  
The clock pin NV_project_i/AD_5293_v2_0/U0/temp2_reg[2]/C is not reached by a timing clock
Related violations: <none>

TIMING-17#64 Warning
Non-clocked sequential cell  
The clock pin NV_project_i/AD_5293_v2_0/U0/temp2_reg[3]/C is not reached by a timing clock
Related violations: <none>

TIMING-17#65 Warning
Non-clocked sequential cell  
The clock pin NV_project_i/AD_5293_v2_0/U0/temp2_reg[4]/C is not reached by a timing clock
Related violations: <none>

TIMING-17#66 Warning
Non-clocked sequential cell  
The clock pin NV_project_i/AD_5293_v2_0/U0/temp2_reg[5]/C is not reached by a timing clock
Related violations: <none>

TIMING-17#67 Warning
Non-clocked sequential cell  
The clock pin NV_project_i/AD_5293_v2_0/U0/temp2_reg[6]/C is not reached by a timing clock
Related violations: <none>

TIMING-17#68 Warning
Non-clocked sequential cell  
The clock pin NV_project_i/AD_5293_v2_0/U0/temp2_reg[7]/C is not reached by a timing clock
Related violations: <none>

TIMING-17#69 Warning
Non-clocked sequential cell  
The clock pin NV_project_i/AD_5293_v2_0/U0/temp2_reg[8]/C is not reached by a timing clock
Related violations: <none>

TIMING-17#70 Warning
Non-clocked sequential cell  
The clock pin NV_project_i/AD_5293_v2_0/U0/temp2_reg[9]/C is not reached by a timing clock
Related violations: <none>

TIMING-17#71 Warning
Non-clocked sequential cell  
The clock pin NV_project_i/DAC_121s101_0/U0/FSM_sequential_current_state_reg[0]/C is not reached by a timing clock
Related violations: <none>

TIMING-17#72 Warning
Non-clocked sequential cell  
The clock pin NV_project_i/DAC_121s101_0/U0/FSM_sequential_current_state_reg[1]/C is not reached by a timing clock
Related violations: <none>

TIMING-17#73 Warning
Non-clocked sequential cell  
The clock pin NV_project_i/DAC_121s101_0/U0/shiftCounter_reg[0]/C is not reached by a timing clock
Related violations: <none>

TIMING-17#74 Warning
Non-clocked sequential cell  
The clock pin NV_project_i/DAC_121s101_0/U0/shiftCounter_reg[1]/C is not reached by a timing clock
Related violations: <none>

TIMING-17#75 Warning
Non-clocked sequential cell  
The clock pin NV_project_i/DAC_121s101_0/U0/shiftCounter_reg[2]/C is not reached by a timing clock
Related violations: <none>

TIMING-17#76 Warning
Non-clocked sequential cell  
The clock pin NV_project_i/DAC_121s101_0/U0/shiftCounter_reg[3]/C is not reached by a timing clock
Related violations: <none>

TIMING-17#77 Warning
Non-clocked sequential cell  
The clock pin NV_project_i/DAC_121s101_0/U0/temp10_reg[0]/C is not reached by a timing clock
Related violations: <none>

TIMING-17#78 Warning
Non-clocked sequential cell  
The clock pin NV_project_i/DAC_121s101_0/U0/temp10_reg[10]/C is not reached by a timing clock
Related violations: <none>

TIMING-17#79 Warning
Non-clocked sequential cell  
The clock pin NV_project_i/DAC_121s101_0/U0/temp10_reg[11]/C is not reached by a timing clock
Related violations: <none>

TIMING-17#80 Warning
Non-clocked sequential cell  
The clock pin NV_project_i/DAC_121s101_0/U0/temp10_reg[13]_srl2___U0_temp1_reg_r_0/CLK is not reached by a timing clock
Related violations: <none>

TIMING-17#81 Warning
Non-clocked sequential cell  
The clock pin NV_project_i/DAC_121s101_0/U0/temp10_reg[14]_U0_temp1_reg_r_1/C is not reached by a timing clock
Related violations: <none>

TIMING-17#82 Warning
Non-clocked sequential cell  
The clock pin NV_project_i/DAC_121s101_0/U0/temp10_reg[15]/C is not reached by a timing clock
Related violations: <none>

TIMING-17#83 Warning
Non-clocked sequential cell  
The clock pin NV_project_i/DAC_121s101_0/U0/temp10_reg[15]_lopt_replica/C is not reached by a timing clock
Related violations: <none>

TIMING-17#84 Warning
Non-clocked sequential cell  
The clock pin NV_project_i/DAC_121s101_0/U0/temp10_reg[1]/C is not reached by a timing clock
Related violations: <none>

TIMING-17#85 Warning
Non-clocked sequential cell  
The clock pin NV_project_i/DAC_121s101_0/U0/temp10_reg[2]/C is not reached by a timing clock
Related violations: <none>

TIMING-17#86 Warning
Non-clocked sequential cell  
The clock pin NV_project_i/DAC_121s101_0/U0/temp10_reg[3]/C is not reached by a timing clock
Related violations: <none>

TIMING-17#87 Warning
Non-clocked sequential cell  
The clock pin NV_project_i/DAC_121s101_0/U0/temp10_reg[4]/C is not reached by a timing clock
Related violations: <none>

TIMING-17#88 Warning
Non-clocked sequential cell  
The clock pin NV_project_i/DAC_121s101_0/U0/temp10_reg[5]/C is not reached by a timing clock
Related violations: <none>

TIMING-17#89 Warning
Non-clocked sequential cell  
The clock pin NV_project_i/DAC_121s101_0/U0/temp10_reg[6]/C is not reached by a timing clock
Related violations: <none>

TIMING-17#90 Warning
Non-clocked sequential cell  
The clock pin NV_project_i/DAC_121s101_0/U0/temp10_reg[7]/C is not reached by a timing clock
Related violations: <none>

TIMING-17#91 Warning
Non-clocked sequential cell  
The clock pin NV_project_i/DAC_121s101_0/U0/temp10_reg[8]/C is not reached by a timing clock
Related violations: <none>

TIMING-17#92 Warning
Non-clocked sequential cell  
The clock pin NV_project_i/DAC_121s101_0/U0/temp10_reg[9]/C is not reached by a timing clock
Related violations: <none>

TIMING-17#93 Warning
Non-clocked sequential cell  
The clock pin NV_project_i/DAC_121s101_0/U0/temp11_reg[0]/C is not reached by a timing clock
Related violations: <none>

TIMING-17#94 Warning
Non-clocked sequential cell  
The clock pin NV_project_i/DAC_121s101_0/U0/temp11_reg[10]/C is not reached by a timing clock
Related violations: <none>

TIMING-17#95 Warning
Non-clocked sequential cell  
The clock pin NV_project_i/DAC_121s101_0/U0/temp11_reg[11]/C is not reached by a timing clock
Related violations: <none>

TIMING-17#96 Warning
Non-clocked sequential cell  
The clock pin NV_project_i/DAC_121s101_0/U0/temp11_reg[13]_srl2___U0_temp1_reg_r_0/CLK is not reached by a timing clock
Related violations: <none>

TIMING-17#97 Warning
Non-clocked sequential cell  
The clock pin NV_project_i/DAC_121s101_0/U0/temp11_reg[14]_U0_temp1_reg_r_1/C is not reached by a timing clock
Related violations: <none>

TIMING-17#98 Warning
Non-clocked sequential cell  
The clock pin NV_project_i/DAC_121s101_0/U0/temp11_reg[15]/C is not reached by a timing clock
Related violations: <none>

TIMING-17#99 Warning
Non-clocked sequential cell  
The clock pin NV_project_i/DAC_121s101_0/U0/temp11_reg[15]_lopt_replica/C is not reached by a timing clock
Related violations: <none>

TIMING-17#100 Warning
Non-clocked sequential cell  
The clock pin NV_project_i/DAC_121s101_0/U0/temp11_reg[1]/C is not reached by a timing clock
Related violations: <none>

TIMING-17#101 Warning
Non-clocked sequential cell  
The clock pin NV_project_i/DAC_121s101_0/U0/temp11_reg[2]/C is not reached by a timing clock
Related violations: <none>

TIMING-17#102 Warning
Non-clocked sequential cell  
The clock pin NV_project_i/DAC_121s101_0/U0/temp11_reg[3]/C is not reached by a timing clock
Related violations: <none>

TIMING-17#103 Warning
Non-clocked sequential cell  
The clock pin NV_project_i/DAC_121s101_0/U0/temp11_reg[4]/C is not reached by a timing clock
Related violations: <none>

TIMING-17#104 Warning
Non-clocked sequential cell  
The clock pin NV_project_i/DAC_121s101_0/U0/temp11_reg[5]/C is not reached by a timing clock
Related violations: <none>

TIMING-17#105 Warning
Non-clocked sequential cell  
The clock pin NV_project_i/DAC_121s101_0/U0/temp11_reg[6]/C is not reached by a timing clock
Related violations: <none>

TIMING-17#106 Warning
Non-clocked sequential cell  
The clock pin NV_project_i/DAC_121s101_0/U0/temp11_reg[7]/C is not reached by a timing clock
Related violations: <none>

TIMING-17#107 Warning
Non-clocked sequential cell  
The clock pin NV_project_i/DAC_121s101_0/U0/temp11_reg[8]/C is not reached by a timing clock
Related violations: <none>

TIMING-17#108 Warning
Non-clocked sequential cell  
The clock pin NV_project_i/DAC_121s101_0/U0/temp11_reg[9]/C is not reached by a timing clock
Related violations: <none>

TIMING-17#109 Warning
Non-clocked sequential cell  
The clock pin NV_project_i/DAC_121s101_0/U0/temp12_reg[0]/C is not reached by a timing clock
Related violations: <none>

TIMING-17#110 Warning
Non-clocked sequential cell  
The clock pin NV_project_i/DAC_121s101_0/U0/temp12_reg[10]/C is not reached by a timing clock
Related violations: <none>

TIMING-17#111 Warning
Non-clocked sequential cell  
The clock pin NV_project_i/DAC_121s101_0/U0/temp12_reg[11]/C is not reached by a timing clock
Related violations: <none>

TIMING-17#112 Warning
Non-clocked sequential cell  
The clock pin NV_project_i/DAC_121s101_0/U0/temp12_reg[13]_srl2___U0_temp1_reg_r_0/CLK is not reached by a timing clock
Related violations: <none>

TIMING-17#113 Warning
Non-clocked sequential cell  
The clock pin NV_project_i/DAC_121s101_0/U0/temp12_reg[14]_U0_temp1_reg_r_1/C is not reached by a timing clock
Related violations: <none>

TIMING-17#114 Warning
Non-clocked sequential cell  
The clock pin NV_project_i/DAC_121s101_0/U0/temp12_reg[15]/C is not reached by a timing clock
Related violations: <none>

TIMING-17#115 Warning
Non-clocked sequential cell  
The clock pin NV_project_i/DAC_121s101_0/U0/temp12_reg[15]_lopt_replica/C is not reached by a timing clock
Related violations: <none>

TIMING-17#116 Warning
Non-clocked sequential cell  
The clock pin NV_project_i/DAC_121s101_0/U0/temp12_reg[1]/C is not reached by a timing clock
Related violations: <none>

TIMING-17#117 Warning
Non-clocked sequential cell  
The clock pin NV_project_i/DAC_121s101_0/U0/temp12_reg[2]/C is not reached by a timing clock
Related violations: <none>

TIMING-17#118 Warning
Non-clocked sequential cell  
The clock pin NV_project_i/DAC_121s101_0/U0/temp12_reg[3]/C is not reached by a timing clock
Related violations: <none>

TIMING-17#119 Warning
Non-clocked sequential cell  
The clock pin NV_project_i/DAC_121s101_0/U0/temp12_reg[4]/C is not reached by a timing clock
Related violations: <none>

TIMING-17#120 Warning
Non-clocked sequential cell  
The clock pin NV_project_i/DAC_121s101_0/U0/temp12_reg[5]/C is not reached by a timing clock
Related violations: <none>

TIMING-17#121 Warning
Non-clocked sequential cell  
The clock pin NV_project_i/DAC_121s101_0/U0/temp12_reg[6]/C is not reached by a timing clock
Related violations: <none>

TIMING-17#122 Warning
Non-clocked sequential cell  
The clock pin NV_project_i/DAC_121s101_0/U0/temp12_reg[7]/C is not reached by a timing clock
Related violations: <none>

TIMING-17#123 Warning
Non-clocked sequential cell  
The clock pin NV_project_i/DAC_121s101_0/U0/temp12_reg[8]/C is not reached by a timing clock
Related violations: <none>

TIMING-17#124 Warning
Non-clocked sequential cell  
The clock pin NV_project_i/DAC_121s101_0/U0/temp12_reg[9]/C is not reached by a timing clock
Related violations: <none>

TIMING-17#125 Warning
Non-clocked sequential cell  
The clock pin NV_project_i/DAC_121s101_0/U0/temp13_reg[0]/C is not reached by a timing clock
Related violations: <none>

TIMING-17#126 Warning
Non-clocked sequential cell  
The clock pin NV_project_i/DAC_121s101_0/U0/temp13_reg[10]/C is not reached by a timing clock
Related violations: <none>

TIMING-17#127 Warning
Non-clocked sequential cell  
The clock pin NV_project_i/DAC_121s101_0/U0/temp13_reg[11]/C is not reached by a timing clock
Related violations: <none>

TIMING-17#128 Warning
Non-clocked sequential cell  
The clock pin NV_project_i/DAC_121s101_0/U0/temp13_reg[13]_srl2___U0_temp1_reg_r_0/CLK is not reached by a timing clock
Related violations: <none>

TIMING-17#129 Warning
Non-clocked sequential cell  
The clock pin NV_project_i/DAC_121s101_0/U0/temp13_reg[14]_U0_temp1_reg_r_1/C is not reached by a timing clock
Related violations: <none>

TIMING-17#130 Warning
Non-clocked sequential cell  
The clock pin NV_project_i/DAC_121s101_0/U0/temp13_reg[15]/C is not reached by a timing clock
Related violations: <none>

TIMING-17#131 Warning
Non-clocked sequential cell  
The clock pin NV_project_i/DAC_121s101_0/U0/temp13_reg[15]_lopt_replica/C is not reached by a timing clock
Related violations: <none>

TIMING-17#132 Warning
Non-clocked sequential cell  
The clock pin NV_project_i/DAC_121s101_0/U0/temp13_reg[1]/C is not reached by a timing clock
Related violations: <none>

TIMING-17#133 Warning
Non-clocked sequential cell  
The clock pin NV_project_i/DAC_121s101_0/U0/temp13_reg[2]/C is not reached by a timing clock
Related violations: <none>

TIMING-17#134 Warning
Non-clocked sequential cell  
The clock pin NV_project_i/DAC_121s101_0/U0/temp13_reg[3]/C is not reached by a timing clock
Related violations: <none>

TIMING-17#135 Warning
Non-clocked sequential cell  
The clock pin NV_project_i/DAC_121s101_0/U0/temp13_reg[4]/C is not reached by a timing clock
Related violations: <none>

TIMING-17#136 Warning
Non-clocked sequential cell  
The clock pin NV_project_i/DAC_121s101_0/U0/temp13_reg[5]/C is not reached by a timing clock
Related violations: <none>

TIMING-17#137 Warning
Non-clocked sequential cell  
The clock pin NV_project_i/DAC_121s101_0/U0/temp13_reg[6]/C is not reached by a timing clock
Related violations: <none>

TIMING-17#138 Warning
Non-clocked sequential cell  
The clock pin NV_project_i/DAC_121s101_0/U0/temp13_reg[7]/C is not reached by a timing clock
Related violations: <none>

TIMING-17#139 Warning
Non-clocked sequential cell  
The clock pin NV_project_i/DAC_121s101_0/U0/temp13_reg[8]/C is not reached by a timing clock
Related violations: <none>

TIMING-17#140 Warning
Non-clocked sequential cell  
The clock pin NV_project_i/DAC_121s101_0/U0/temp13_reg[9]/C is not reached by a timing clock
Related violations: <none>

TIMING-17#141 Warning
Non-clocked sequential cell  
The clock pin NV_project_i/DAC_121s101_0/U0/temp14_reg[0]/C is not reached by a timing clock
Related violations: <none>

TIMING-17#142 Warning
Non-clocked sequential cell  
The clock pin NV_project_i/DAC_121s101_0/U0/temp14_reg[10]/C is not reached by a timing clock
Related violations: <none>

TIMING-17#143 Warning
Non-clocked sequential cell  
The clock pin NV_project_i/DAC_121s101_0/U0/temp14_reg[11]/C is not reached by a timing clock
Related violations: <none>

TIMING-17#144 Warning
Non-clocked sequential cell  
The clock pin NV_project_i/DAC_121s101_0/U0/temp14_reg[13]_srl2___U0_temp1_reg_r_0/CLK is not reached by a timing clock
Related violations: <none>

TIMING-17#145 Warning
Non-clocked sequential cell  
The clock pin NV_project_i/DAC_121s101_0/U0/temp14_reg[14]_U0_temp1_reg_r_1/C is not reached by a timing clock
Related violations: <none>

TIMING-17#146 Warning
Non-clocked sequential cell  
The clock pin NV_project_i/DAC_121s101_0/U0/temp14_reg[15]/C is not reached by a timing clock
Related violations: <none>

TIMING-17#147 Warning
Non-clocked sequential cell  
The clock pin NV_project_i/DAC_121s101_0/U0/temp14_reg[15]_lopt_replica/C is not reached by a timing clock
Related violations: <none>

TIMING-17#148 Warning
Non-clocked sequential cell  
The clock pin NV_project_i/DAC_121s101_0/U0/temp14_reg[1]/C is not reached by a timing clock
Related violations: <none>

TIMING-17#149 Warning
Non-clocked sequential cell  
The clock pin NV_project_i/DAC_121s101_0/U0/temp14_reg[2]/C is not reached by a timing clock
Related violations: <none>

TIMING-17#150 Warning
Non-clocked sequential cell  
The clock pin NV_project_i/DAC_121s101_0/U0/temp14_reg[3]/C is not reached by a timing clock
Related violations: <none>

TIMING-17#151 Warning
Non-clocked sequential cell  
The clock pin NV_project_i/DAC_121s101_0/U0/temp14_reg[4]/C is not reached by a timing clock
Related violations: <none>

TIMING-17#152 Warning
Non-clocked sequential cell  
The clock pin NV_project_i/DAC_121s101_0/U0/temp14_reg[5]/C is not reached by a timing clock
Related violations: <none>

TIMING-17#153 Warning
Non-clocked sequential cell  
The clock pin NV_project_i/DAC_121s101_0/U0/temp14_reg[6]/C is not reached by a timing clock
Related violations: <none>

TIMING-17#154 Warning
Non-clocked sequential cell  
The clock pin NV_project_i/DAC_121s101_0/U0/temp14_reg[7]/C is not reached by a timing clock
Related violations: <none>

TIMING-17#155 Warning
Non-clocked sequential cell  
The clock pin NV_project_i/DAC_121s101_0/U0/temp14_reg[8]/C is not reached by a timing clock
Related violations: <none>

TIMING-17#156 Warning
Non-clocked sequential cell  
The clock pin NV_project_i/DAC_121s101_0/U0/temp14_reg[9]/C is not reached by a timing clock
Related violations: <none>

TIMING-17#157 Warning
Non-clocked sequential cell  
The clock pin NV_project_i/DAC_121s101_0/U0/temp15_reg[0]/C is not reached by a timing clock
Related violations: <none>

TIMING-17#158 Warning
Non-clocked sequential cell  
The clock pin NV_project_i/DAC_121s101_0/U0/temp15_reg[10]/C is not reached by a timing clock
Related violations: <none>

TIMING-17#159 Warning
Non-clocked sequential cell  
The clock pin NV_project_i/DAC_121s101_0/U0/temp15_reg[11]/C is not reached by a timing clock
Related violations: <none>

TIMING-17#160 Warning
Non-clocked sequential cell  
The clock pin NV_project_i/DAC_121s101_0/U0/temp15_reg[13]_srl2___U0_temp1_reg_r_0/CLK is not reached by a timing clock
Related violations: <none>

TIMING-17#161 Warning
Non-clocked sequential cell  
The clock pin NV_project_i/DAC_121s101_0/U0/temp15_reg[14]_U0_temp1_reg_r_1/C is not reached by a timing clock
Related violations: <none>

TIMING-17#162 Warning
Non-clocked sequential cell  
The clock pin NV_project_i/DAC_121s101_0/U0/temp15_reg[15]/C is not reached by a timing clock
Related violations: <none>

TIMING-17#163 Warning
Non-clocked sequential cell  
The clock pin NV_project_i/DAC_121s101_0/U0/temp15_reg[15]_lopt_replica/C is not reached by a timing clock
Related violations: <none>

TIMING-17#164 Warning
Non-clocked sequential cell  
The clock pin NV_project_i/DAC_121s101_0/U0/temp15_reg[1]/C is not reached by a timing clock
Related violations: <none>

TIMING-17#165 Warning
Non-clocked sequential cell  
The clock pin NV_project_i/DAC_121s101_0/U0/temp15_reg[2]/C is not reached by a timing clock
Related violations: <none>

TIMING-17#166 Warning
Non-clocked sequential cell  
The clock pin NV_project_i/DAC_121s101_0/U0/temp15_reg[3]/C is not reached by a timing clock
Related violations: <none>

TIMING-17#167 Warning
Non-clocked sequential cell  
The clock pin NV_project_i/DAC_121s101_0/U0/temp15_reg[4]/C is not reached by a timing clock
Related violations: <none>

TIMING-17#168 Warning
Non-clocked sequential cell  
The clock pin NV_project_i/DAC_121s101_0/U0/temp15_reg[5]/C is not reached by a timing clock
Related violations: <none>

TIMING-17#169 Warning
Non-clocked sequential cell  
The clock pin NV_project_i/DAC_121s101_0/U0/temp15_reg[6]/C is not reached by a timing clock
Related violations: <none>

TIMING-17#170 Warning
Non-clocked sequential cell  
The clock pin NV_project_i/DAC_121s101_0/U0/temp15_reg[7]/C is not reached by a timing clock
Related violations: <none>

TIMING-17#171 Warning
Non-clocked sequential cell  
The clock pin NV_project_i/DAC_121s101_0/U0/temp15_reg[8]/C is not reached by a timing clock
Related violations: <none>

TIMING-17#172 Warning
Non-clocked sequential cell  
The clock pin NV_project_i/DAC_121s101_0/U0/temp15_reg[9]/C is not reached by a timing clock
Related violations: <none>

TIMING-17#173 Warning
Non-clocked sequential cell  
The clock pin NV_project_i/DAC_121s101_0/U0/temp16_reg[0]/C is not reached by a timing clock
Related violations: <none>

TIMING-17#174 Warning
Non-clocked sequential cell  
The clock pin NV_project_i/DAC_121s101_0/U0/temp16_reg[10]/C is not reached by a timing clock
Related violations: <none>

TIMING-17#175 Warning
Non-clocked sequential cell  
The clock pin NV_project_i/DAC_121s101_0/U0/temp16_reg[11]/C is not reached by a timing clock
Related violations: <none>

TIMING-17#176 Warning
Non-clocked sequential cell  
The clock pin NV_project_i/DAC_121s101_0/U0/temp16_reg[13]_srl2___U0_temp1_reg_r_0/CLK is not reached by a timing clock
Related violations: <none>

TIMING-17#177 Warning
Non-clocked sequential cell  
The clock pin NV_project_i/DAC_121s101_0/U0/temp16_reg[14]_U0_temp1_reg_r_1/C is not reached by a timing clock
Related violations: <none>

TIMING-17#178 Warning
Non-clocked sequential cell  
The clock pin NV_project_i/DAC_121s101_0/U0/temp16_reg[15]/C is not reached by a timing clock
Related violations: <none>

TIMING-17#179 Warning
Non-clocked sequential cell  
The clock pin NV_project_i/DAC_121s101_0/U0/temp16_reg[15]_lopt_replica/C is not reached by a timing clock
Related violations: <none>

TIMING-17#180 Warning
Non-clocked sequential cell  
The clock pin NV_project_i/DAC_121s101_0/U0/temp16_reg[1]/C is not reached by a timing clock
Related violations: <none>

TIMING-17#181 Warning
Non-clocked sequential cell  
The clock pin NV_project_i/DAC_121s101_0/U0/temp16_reg[2]/C is not reached by a timing clock
Related violations: <none>

TIMING-17#182 Warning
Non-clocked sequential cell  
The clock pin NV_project_i/DAC_121s101_0/U0/temp16_reg[3]/C is not reached by a timing clock
Related violations: <none>

TIMING-17#183 Warning
Non-clocked sequential cell  
The clock pin NV_project_i/DAC_121s101_0/U0/temp16_reg[4]/C is not reached by a timing clock
Related violations: <none>

TIMING-17#184 Warning
Non-clocked sequential cell  
The clock pin NV_project_i/DAC_121s101_0/U0/temp16_reg[5]/C is not reached by a timing clock
Related violations: <none>

TIMING-17#185 Warning
Non-clocked sequential cell  
The clock pin NV_project_i/DAC_121s101_0/U0/temp16_reg[6]/C is not reached by a timing clock
Related violations: <none>

TIMING-17#186 Warning
Non-clocked sequential cell  
The clock pin NV_project_i/DAC_121s101_0/U0/temp16_reg[7]/C is not reached by a timing clock
Related violations: <none>

TIMING-17#187 Warning
Non-clocked sequential cell  
The clock pin NV_project_i/DAC_121s101_0/U0/temp16_reg[8]/C is not reached by a timing clock
Related violations: <none>

TIMING-17#188 Warning
Non-clocked sequential cell  
The clock pin NV_project_i/DAC_121s101_0/U0/temp16_reg[9]/C is not reached by a timing clock
Related violations: <none>

TIMING-17#189 Warning
Non-clocked sequential cell  
The clock pin NV_project_i/DAC_121s101_0/U0/temp17_reg[0]/C is not reached by a timing clock
Related violations: <none>

TIMING-17#190 Warning
Non-clocked sequential cell  
The clock pin NV_project_i/DAC_121s101_0/U0/temp17_reg[10]/C is not reached by a timing clock
Related violations: <none>

TIMING-17#191 Warning
Non-clocked sequential cell  
The clock pin NV_project_i/DAC_121s101_0/U0/temp17_reg[11]/C is not reached by a timing clock
Related violations: <none>

TIMING-17#192 Warning
Non-clocked sequential cell  
The clock pin NV_project_i/DAC_121s101_0/U0/temp17_reg[13]_srl2___U0_temp1_reg_r_0/CLK is not reached by a timing clock
Related violations: <none>

TIMING-17#193 Warning
Non-clocked sequential cell  
The clock pin NV_project_i/DAC_121s101_0/U0/temp17_reg[14]_U0_temp1_reg_r_1/C is not reached by a timing clock
Related violations: <none>

TIMING-17#194 Warning
Non-clocked sequential cell  
The clock pin NV_project_i/DAC_121s101_0/U0/temp17_reg[15]/C is not reached by a timing clock
Related violations: <none>

TIMING-17#195 Warning
Non-clocked sequential cell  
The clock pin NV_project_i/DAC_121s101_0/U0/temp17_reg[15]_lopt_replica/C is not reached by a timing clock
Related violations: <none>

TIMING-17#196 Warning
Non-clocked sequential cell  
The clock pin NV_project_i/DAC_121s101_0/U0/temp17_reg[1]/C is not reached by a timing clock
Related violations: <none>

TIMING-17#197 Warning
Non-clocked sequential cell  
The clock pin NV_project_i/DAC_121s101_0/U0/temp17_reg[2]/C is not reached by a timing clock
Related violations: <none>

TIMING-17#198 Warning
Non-clocked sequential cell  
The clock pin NV_project_i/DAC_121s101_0/U0/temp17_reg[3]/C is not reached by a timing clock
Related violations: <none>

TIMING-17#199 Warning
Non-clocked sequential cell  
The clock pin NV_project_i/DAC_121s101_0/U0/temp17_reg[4]/C is not reached by a timing clock
Related violations: <none>

TIMING-17#200 Warning
Non-clocked sequential cell  
The clock pin NV_project_i/DAC_121s101_0/U0/temp17_reg[5]/C is not reached by a timing clock
Related violations: <none>

TIMING-17#201 Warning
Non-clocked sequential cell  
The clock pin NV_project_i/DAC_121s101_0/U0/temp17_reg[6]/C is not reached by a timing clock
Related violations: <none>

TIMING-17#202 Warning
Non-clocked sequential cell  
The clock pin NV_project_i/DAC_121s101_0/U0/temp17_reg[7]/C is not reached by a timing clock
Related violations: <none>

TIMING-17#203 Warning
Non-clocked sequential cell  
The clock pin NV_project_i/DAC_121s101_0/U0/temp17_reg[8]/C is not reached by a timing clock
Related violations: <none>

TIMING-17#204 Warning
Non-clocked sequential cell  
The clock pin NV_project_i/DAC_121s101_0/U0/temp17_reg[9]/C is not reached by a timing clock
Related violations: <none>

TIMING-17#205 Warning
Non-clocked sequential cell  
The clock pin NV_project_i/DAC_121s101_0/U0/temp1_reg[0]/C is not reached by a timing clock
Related violations: <none>

TIMING-17#206 Warning
Non-clocked sequential cell  
The clock pin NV_project_i/DAC_121s101_0/U0/temp1_reg[10]/C is not reached by a timing clock
Related violations: <none>

TIMING-17#207 Warning
Non-clocked sequential cell  
The clock pin NV_project_i/DAC_121s101_0/U0/temp1_reg[11]/C is not reached by a timing clock
Related violations: <none>

TIMING-17#208 Warning
Non-clocked sequential cell  
The clock pin NV_project_i/DAC_121s101_0/U0/temp1_reg[13]_srl2___U0_temp1_reg_r_0/CLK is not reached by a timing clock
Related violations: <none>

TIMING-17#209 Warning
Non-clocked sequential cell  
The clock pin NV_project_i/DAC_121s101_0/U0/temp1_reg[14]_U0_temp1_reg_r_1/C is not reached by a timing clock
Related violations: <none>

TIMING-17#210 Warning
Non-clocked sequential cell  
The clock pin NV_project_i/DAC_121s101_0/U0/temp1_reg[15]/C is not reached by a timing clock
Related violations: <none>

TIMING-17#211 Warning
Non-clocked sequential cell  
The clock pin NV_project_i/DAC_121s101_0/U0/temp1_reg[15]_lopt_replica/C is not reached by a timing clock
Related violations: <none>

TIMING-17#212 Warning
Non-clocked sequential cell  
The clock pin NV_project_i/DAC_121s101_0/U0/temp1_reg[1]/C is not reached by a timing clock
Related violations: <none>

TIMING-17#213 Warning
Non-clocked sequential cell  
The clock pin NV_project_i/DAC_121s101_0/U0/temp1_reg[2]/C is not reached by a timing clock
Related violations: <none>

TIMING-17#214 Warning
Non-clocked sequential cell  
The clock pin NV_project_i/DAC_121s101_0/U0/temp1_reg[3]/C is not reached by a timing clock
Related violations: <none>

TIMING-17#215 Warning
Non-clocked sequential cell  
The clock pin NV_project_i/DAC_121s101_0/U0/temp1_reg[4]/C is not reached by a timing clock
Related violations: <none>

TIMING-17#216 Warning
Non-clocked sequential cell  
The clock pin NV_project_i/DAC_121s101_0/U0/temp1_reg[5]/C is not reached by a timing clock
Related violations: <none>

TIMING-17#217 Warning
Non-clocked sequential cell  
The clock pin NV_project_i/DAC_121s101_0/U0/temp1_reg[6]/C is not reached by a timing clock
Related violations: <none>

TIMING-17#218 Warning
Non-clocked sequential cell  
The clock pin NV_project_i/DAC_121s101_0/U0/temp1_reg[7]/C is not reached by a timing clock
Related violations: <none>

TIMING-17#219 Warning
Non-clocked sequential cell  
The clock pin NV_project_i/DAC_121s101_0/U0/temp1_reg[8]/C is not reached by a timing clock
Related violations: <none>

TIMING-17#220 Warning
Non-clocked sequential cell  
The clock pin NV_project_i/DAC_121s101_0/U0/temp1_reg[9]/C is not reached by a timing clock
Related violations: <none>

TIMING-17#221 Warning
Non-clocked sequential cell  
The clock pin NV_project_i/DAC_121s101_0/U0/temp1_reg_r/C is not reached by a timing clock
Related violations: <none>

TIMING-17#222 Warning
Non-clocked sequential cell  
The clock pin NV_project_i/DAC_121s101_0/U0/temp1_reg_r_0/C is not reached by a timing clock
Related violations: <none>

TIMING-17#223 Warning
Non-clocked sequential cell  
The clock pin NV_project_i/DAC_121s101_0/U0/temp1_reg_r_1/C is not reached by a timing clock
Related violations: <none>

TIMING-17#224 Warning
Non-clocked sequential cell  
The clock pin NV_project_i/DAC_121s101_0/U0/temp2_reg[0]/C is not reached by a timing clock
Related violations: <none>

TIMING-17#225 Warning
Non-clocked sequential cell  
The clock pin NV_project_i/DAC_121s101_0/U0/temp2_reg[10]/C is not reached by a timing clock
Related violations: <none>

TIMING-17#226 Warning
Non-clocked sequential cell  
The clock pin NV_project_i/DAC_121s101_0/U0/temp2_reg[11]/C is not reached by a timing clock
Related violations: <none>

TIMING-17#227 Warning
Non-clocked sequential cell  
The clock pin NV_project_i/DAC_121s101_0/U0/temp2_reg[13]_srl2___U0_temp1_reg_r_0/CLK is not reached by a timing clock
Related violations: <none>

TIMING-17#228 Warning
Non-clocked sequential cell  
The clock pin NV_project_i/DAC_121s101_0/U0/temp2_reg[14]_U0_temp1_reg_r_1/C is not reached by a timing clock
Related violations: <none>

TIMING-17#229 Warning
Non-clocked sequential cell  
The clock pin NV_project_i/DAC_121s101_0/U0/temp2_reg[15]/C is not reached by a timing clock
Related violations: <none>

TIMING-17#230 Warning
Non-clocked sequential cell  
The clock pin NV_project_i/DAC_121s101_0/U0/temp2_reg[15]_lopt_replica/C is not reached by a timing clock
Related violations: <none>

TIMING-17#231 Warning
Non-clocked sequential cell  
The clock pin NV_project_i/DAC_121s101_0/U0/temp2_reg[1]/C is not reached by a timing clock
Related violations: <none>

TIMING-17#232 Warning
Non-clocked sequential cell  
The clock pin NV_project_i/DAC_121s101_0/U0/temp2_reg[2]/C is not reached by a timing clock
Related violations: <none>

TIMING-17#233 Warning
Non-clocked sequential cell  
The clock pin NV_project_i/DAC_121s101_0/U0/temp2_reg[3]/C is not reached by a timing clock
Related violations: <none>

TIMING-17#234 Warning
Non-clocked sequential cell  
The clock pin NV_project_i/DAC_121s101_0/U0/temp2_reg[4]/C is not reached by a timing clock
Related violations: <none>

TIMING-17#235 Warning
Non-clocked sequential cell  
The clock pin NV_project_i/DAC_121s101_0/U0/temp2_reg[5]/C is not reached by a timing clock
Related violations: <none>

TIMING-17#236 Warning
Non-clocked sequential cell  
The clock pin NV_project_i/DAC_121s101_0/U0/temp2_reg[6]/C is not reached by a timing clock
Related violations: <none>

TIMING-17#237 Warning
Non-clocked sequential cell  
The clock pin NV_project_i/DAC_121s101_0/U0/temp2_reg[7]/C is not reached by a timing clock
Related violations: <none>

TIMING-17#238 Warning
Non-clocked sequential cell  
The clock pin NV_project_i/DAC_121s101_0/U0/temp2_reg[8]/C is not reached by a timing clock
Related violations: <none>

TIMING-17#239 Warning
Non-clocked sequential cell  
The clock pin NV_project_i/DAC_121s101_0/U0/temp2_reg[9]/C is not reached by a timing clock
Related violations: <none>

TIMING-17#240 Warning
Non-clocked sequential cell  
The clock pin NV_project_i/DAC_121s101_0/U0/temp3_reg[0]/C is not reached by a timing clock
Related violations: <none>

TIMING-17#241 Warning
Non-clocked sequential cell  
The clock pin NV_project_i/DAC_121s101_0/U0/temp3_reg[10]/C is not reached by a timing clock
Related violations: <none>

TIMING-17#242 Warning
Non-clocked sequential cell  
The clock pin NV_project_i/DAC_121s101_0/U0/temp3_reg[11]/C is not reached by a timing clock
Related violations: <none>

TIMING-17#243 Warning
Non-clocked sequential cell  
The clock pin NV_project_i/DAC_121s101_0/U0/temp3_reg[13]_srl2___U0_temp1_reg_r_0/CLK is not reached by a timing clock
Related violations: <none>

TIMING-17#244 Warning
Non-clocked sequential cell  
The clock pin NV_project_i/DAC_121s101_0/U0/temp3_reg[14]_U0_temp1_reg_r_1/C is not reached by a timing clock
Related violations: <none>

TIMING-17#245 Warning
Non-clocked sequential cell  
The clock pin NV_project_i/DAC_121s101_0/U0/temp3_reg[15]/C is not reached by a timing clock
Related violations: <none>

TIMING-17#246 Warning
Non-clocked sequential cell  
The clock pin NV_project_i/DAC_121s101_0/U0/temp3_reg[15]_lopt_replica/C is not reached by a timing clock
Related violations: <none>

TIMING-17#247 Warning
Non-clocked sequential cell  
The clock pin NV_project_i/DAC_121s101_0/U0/temp3_reg[1]/C is not reached by a timing clock
Related violations: <none>

TIMING-17#248 Warning
Non-clocked sequential cell  
The clock pin NV_project_i/DAC_121s101_0/U0/temp3_reg[2]/C is not reached by a timing clock
Related violations: <none>

TIMING-17#249 Warning
Non-clocked sequential cell  
The clock pin NV_project_i/DAC_121s101_0/U0/temp3_reg[3]/C is not reached by a timing clock
Related violations: <none>

TIMING-17#250 Warning
Non-clocked sequential cell  
The clock pin NV_project_i/DAC_121s101_0/U0/temp3_reg[4]/C is not reached by a timing clock
Related violations: <none>

TIMING-17#251 Warning
Non-clocked sequential cell  
The clock pin NV_project_i/DAC_121s101_0/U0/temp3_reg[5]/C is not reached by a timing clock
Related violations: <none>

TIMING-17#252 Warning
Non-clocked sequential cell  
The clock pin NV_project_i/DAC_121s101_0/U0/temp3_reg[6]/C is not reached by a timing clock
Related violations: <none>

TIMING-17#253 Warning
Non-clocked sequential cell  
The clock pin NV_project_i/DAC_121s101_0/U0/temp3_reg[7]/C is not reached by a timing clock
Related violations: <none>

TIMING-17#254 Warning
Non-clocked sequential cell  
The clock pin NV_project_i/DAC_121s101_0/U0/temp3_reg[8]/C is not reached by a timing clock
Related violations: <none>

TIMING-17#255 Warning
Non-clocked sequential cell  
The clock pin NV_project_i/DAC_121s101_0/U0/temp3_reg[9]/C is not reached by a timing clock
Related violations: <none>

TIMING-17#256 Warning
Non-clocked sequential cell  
The clock pin NV_project_i/DAC_121s101_0/U0/temp4_reg[0]/C is not reached by a timing clock
Related violations: <none>

TIMING-17#257 Warning
Non-clocked sequential cell  
The clock pin NV_project_i/DAC_121s101_0/U0/temp4_reg[10]/C is not reached by a timing clock
Related violations: <none>

TIMING-17#258 Warning
Non-clocked sequential cell  
The clock pin NV_project_i/DAC_121s101_0/U0/temp4_reg[11]/C is not reached by a timing clock
Related violations: <none>

TIMING-17#259 Warning
Non-clocked sequential cell  
The clock pin NV_project_i/DAC_121s101_0/U0/temp4_reg[13]_srl2___U0_temp1_reg_r_0/CLK is not reached by a timing clock
Related violations: <none>

TIMING-17#260 Warning
Non-clocked sequential cell  
The clock pin NV_project_i/DAC_121s101_0/U0/temp4_reg[14]_U0_temp1_reg_r_1/C is not reached by a timing clock
Related violations: <none>

TIMING-17#261 Warning
Non-clocked sequential cell  
The clock pin NV_project_i/DAC_121s101_0/U0/temp4_reg[15]/C is not reached by a timing clock
Related violations: <none>

TIMING-17#262 Warning
Non-clocked sequential cell  
The clock pin NV_project_i/DAC_121s101_0/U0/temp4_reg[15]_lopt_replica/C is not reached by a timing clock
Related violations: <none>

TIMING-17#263 Warning
Non-clocked sequential cell  
The clock pin NV_project_i/DAC_121s101_0/U0/temp4_reg[1]/C is not reached by a timing clock
Related violations: <none>

TIMING-17#264 Warning
Non-clocked sequential cell  
The clock pin NV_project_i/DAC_121s101_0/U0/temp4_reg[2]/C is not reached by a timing clock
Related violations: <none>

TIMING-17#265 Warning
Non-clocked sequential cell  
The clock pin NV_project_i/DAC_121s101_0/U0/temp4_reg[3]/C is not reached by a timing clock
Related violations: <none>

TIMING-17#266 Warning
Non-clocked sequential cell  
The clock pin NV_project_i/DAC_121s101_0/U0/temp4_reg[4]/C is not reached by a timing clock
Related violations: <none>

TIMING-17#267 Warning
Non-clocked sequential cell  
The clock pin NV_project_i/DAC_121s101_0/U0/temp4_reg[5]/C is not reached by a timing clock
Related violations: <none>

TIMING-17#268 Warning
Non-clocked sequential cell  
The clock pin NV_project_i/DAC_121s101_0/U0/temp4_reg[6]/C is not reached by a timing clock
Related violations: <none>

TIMING-17#269 Warning
Non-clocked sequential cell  
The clock pin NV_project_i/DAC_121s101_0/U0/temp4_reg[7]/C is not reached by a timing clock
Related violations: <none>

TIMING-17#270 Warning
Non-clocked sequential cell  
The clock pin NV_project_i/DAC_121s101_0/U0/temp4_reg[8]/C is not reached by a timing clock
Related violations: <none>

TIMING-17#271 Warning
Non-clocked sequential cell  
The clock pin NV_project_i/DAC_121s101_0/U0/temp4_reg[9]/C is not reached by a timing clock
Related violations: <none>

TIMING-17#272 Warning
Non-clocked sequential cell  
The clock pin NV_project_i/DAC_121s101_0/U0/temp5_reg[0]/C is not reached by a timing clock
Related violations: <none>

TIMING-17#273 Warning
Non-clocked sequential cell  
The clock pin NV_project_i/DAC_121s101_0/U0/temp5_reg[10]/C is not reached by a timing clock
Related violations: <none>

TIMING-17#274 Warning
Non-clocked sequential cell  
The clock pin NV_project_i/DAC_121s101_0/U0/temp5_reg[11]/C is not reached by a timing clock
Related violations: <none>

TIMING-17#275 Warning
Non-clocked sequential cell  
The clock pin NV_project_i/DAC_121s101_0/U0/temp5_reg[13]_srl2___U0_temp1_reg_r_0/CLK is not reached by a timing clock
Related violations: <none>

TIMING-17#276 Warning
Non-clocked sequential cell  
The clock pin NV_project_i/DAC_121s101_0/U0/temp5_reg[14]_U0_temp1_reg_r_1/C is not reached by a timing clock
Related violations: <none>

TIMING-17#277 Warning
Non-clocked sequential cell  
The clock pin NV_project_i/DAC_121s101_0/U0/temp5_reg[15]/C is not reached by a timing clock
Related violations: <none>

TIMING-17#278 Warning
Non-clocked sequential cell  
The clock pin NV_project_i/DAC_121s101_0/U0/temp5_reg[15]_lopt_replica/C is not reached by a timing clock
Related violations: <none>

TIMING-17#279 Warning
Non-clocked sequential cell  
The clock pin NV_project_i/DAC_121s101_0/U0/temp5_reg[1]/C is not reached by a timing clock
Related violations: <none>

TIMING-17#280 Warning
Non-clocked sequential cell  
The clock pin NV_project_i/DAC_121s101_0/U0/temp5_reg[2]/C is not reached by a timing clock
Related violations: <none>

TIMING-17#281 Warning
Non-clocked sequential cell  
The clock pin NV_project_i/DAC_121s101_0/U0/temp5_reg[3]/C is not reached by a timing clock
Related violations: <none>

TIMING-17#282 Warning
Non-clocked sequential cell  
The clock pin NV_project_i/DAC_121s101_0/U0/temp5_reg[4]/C is not reached by a timing clock
Related violations: <none>

TIMING-17#283 Warning
Non-clocked sequential cell  
The clock pin NV_project_i/DAC_121s101_0/U0/temp5_reg[5]/C is not reached by a timing clock
Related violations: <none>

TIMING-17#284 Warning
Non-clocked sequential cell  
The clock pin NV_project_i/DAC_121s101_0/U0/temp5_reg[6]/C is not reached by a timing clock
Related violations: <none>

TIMING-17#285 Warning
Non-clocked sequential cell  
The clock pin NV_project_i/DAC_121s101_0/U0/temp5_reg[7]/C is not reached by a timing clock
Related violations: <none>

TIMING-17#286 Warning
Non-clocked sequential cell  
The clock pin NV_project_i/DAC_121s101_0/U0/temp5_reg[8]/C is not reached by a timing clock
Related violations: <none>

TIMING-17#287 Warning
Non-clocked sequential cell  
The clock pin NV_project_i/DAC_121s101_0/U0/temp5_reg[9]/C is not reached by a timing clock
Related violations: <none>

TIMING-17#288 Warning
Non-clocked sequential cell  
The clock pin NV_project_i/DAC_121s101_0/U0/temp6_reg[0]/C is not reached by a timing clock
Related violations: <none>

TIMING-17#289 Warning
Non-clocked sequential cell  
The clock pin NV_project_i/DAC_121s101_0/U0/temp6_reg[10]/C is not reached by a timing clock
Related violations: <none>

TIMING-17#290 Warning
Non-clocked sequential cell  
The clock pin NV_project_i/DAC_121s101_0/U0/temp6_reg[11]/C is not reached by a timing clock
Related violations: <none>

TIMING-17#291 Warning
Non-clocked sequential cell  
The clock pin NV_project_i/DAC_121s101_0/U0/temp6_reg[13]_srl2___U0_temp1_reg_r_0/CLK is not reached by a timing clock
Related violations: <none>

TIMING-17#292 Warning
Non-clocked sequential cell  
The clock pin NV_project_i/DAC_121s101_0/U0/temp6_reg[14]_U0_temp1_reg_r_1/C is not reached by a timing clock
Related violations: <none>

TIMING-17#293 Warning
Non-clocked sequential cell  
The clock pin NV_project_i/DAC_121s101_0/U0/temp6_reg[15]/C is not reached by a timing clock
Related violations: <none>

TIMING-17#294 Warning
Non-clocked sequential cell  
The clock pin NV_project_i/DAC_121s101_0/U0/temp6_reg[15]_lopt_replica/C is not reached by a timing clock
Related violations: <none>

TIMING-17#295 Warning
Non-clocked sequential cell  
The clock pin NV_project_i/DAC_121s101_0/U0/temp6_reg[1]/C is not reached by a timing clock
Related violations: <none>

TIMING-17#296 Warning
Non-clocked sequential cell  
The clock pin NV_project_i/DAC_121s101_0/U0/temp6_reg[2]/C is not reached by a timing clock
Related violations: <none>

TIMING-17#297 Warning
Non-clocked sequential cell  
The clock pin NV_project_i/DAC_121s101_0/U0/temp6_reg[3]/C is not reached by a timing clock
Related violations: <none>

TIMING-17#298 Warning
Non-clocked sequential cell  
The clock pin NV_project_i/DAC_121s101_0/U0/temp6_reg[4]/C is not reached by a timing clock
Related violations: <none>

TIMING-17#299 Warning
Non-clocked sequential cell  
The clock pin NV_project_i/DAC_121s101_0/U0/temp6_reg[5]/C is not reached by a timing clock
Related violations: <none>

TIMING-17#300 Warning
Non-clocked sequential cell  
The clock pin NV_project_i/DAC_121s101_0/U0/temp6_reg[6]/C is not reached by a timing clock
Related violations: <none>

TIMING-17#301 Warning
Non-clocked sequential cell  
The clock pin NV_project_i/DAC_121s101_0/U0/temp6_reg[7]/C is not reached by a timing clock
Related violations: <none>

TIMING-17#302 Warning
Non-clocked sequential cell  
The clock pin NV_project_i/DAC_121s101_0/U0/temp6_reg[8]/C is not reached by a timing clock
Related violations: <none>

TIMING-17#303 Warning
Non-clocked sequential cell  
The clock pin NV_project_i/DAC_121s101_0/U0/temp6_reg[9]/C is not reached by a timing clock
Related violations: <none>

TIMING-17#304 Warning
Non-clocked sequential cell  
The clock pin NV_project_i/DAC_121s101_0/U0/temp7_reg[0]/C is not reached by a timing clock
Related violations: <none>

TIMING-17#305 Warning
Non-clocked sequential cell  
The clock pin NV_project_i/DAC_121s101_0/U0/temp7_reg[10]/C is not reached by a timing clock
Related violations: <none>

TIMING-17#306 Warning
Non-clocked sequential cell  
The clock pin NV_project_i/DAC_121s101_0/U0/temp7_reg[11]/C is not reached by a timing clock
Related violations: <none>

TIMING-17#307 Warning
Non-clocked sequential cell  
The clock pin NV_project_i/DAC_121s101_0/U0/temp7_reg[13]_srl2___U0_temp1_reg_r_0/CLK is not reached by a timing clock
Related violations: <none>

TIMING-17#308 Warning
Non-clocked sequential cell  
The clock pin NV_project_i/DAC_121s101_0/U0/temp7_reg[14]_U0_temp1_reg_r_1/C is not reached by a timing clock
Related violations: <none>

TIMING-17#309 Warning
Non-clocked sequential cell  
The clock pin NV_project_i/DAC_121s101_0/U0/temp7_reg[15]/C is not reached by a timing clock
Related violations: <none>

TIMING-17#310 Warning
Non-clocked sequential cell  
The clock pin NV_project_i/DAC_121s101_0/U0/temp7_reg[15]_lopt_replica/C is not reached by a timing clock
Related violations: <none>

TIMING-17#311 Warning
Non-clocked sequential cell  
The clock pin NV_project_i/DAC_121s101_0/U0/temp7_reg[1]/C is not reached by a timing clock
Related violations: <none>

TIMING-17#312 Warning
Non-clocked sequential cell  
The clock pin NV_project_i/DAC_121s101_0/U0/temp7_reg[2]/C is not reached by a timing clock
Related violations: <none>

TIMING-17#313 Warning
Non-clocked sequential cell  
The clock pin NV_project_i/DAC_121s101_0/U0/temp7_reg[3]/C is not reached by a timing clock
Related violations: <none>

TIMING-17#314 Warning
Non-clocked sequential cell  
The clock pin NV_project_i/DAC_121s101_0/U0/temp7_reg[4]/C is not reached by a timing clock
Related violations: <none>

TIMING-17#315 Warning
Non-clocked sequential cell  
The clock pin NV_project_i/DAC_121s101_0/U0/temp7_reg[5]/C is not reached by a timing clock
Related violations: <none>

TIMING-17#316 Warning
Non-clocked sequential cell  
The clock pin NV_project_i/DAC_121s101_0/U0/temp7_reg[6]/C is not reached by a timing clock
Related violations: <none>

TIMING-17#317 Warning
Non-clocked sequential cell  
The clock pin NV_project_i/DAC_121s101_0/U0/temp7_reg[7]/C is not reached by a timing clock
Related violations: <none>

TIMING-17#318 Warning
Non-clocked sequential cell  
The clock pin NV_project_i/DAC_121s101_0/U0/temp7_reg[8]/C is not reached by a timing clock
Related violations: <none>

TIMING-17#319 Warning
Non-clocked sequential cell  
The clock pin NV_project_i/DAC_121s101_0/U0/temp7_reg[9]/C is not reached by a timing clock
Related violations: <none>

TIMING-17#320 Warning
Non-clocked sequential cell  
The clock pin NV_project_i/DAC_121s101_0/U0/temp8_reg[0]/C is not reached by a timing clock
Related violations: <none>

TIMING-17#321 Warning
Non-clocked sequential cell  
The clock pin NV_project_i/DAC_121s101_0/U0/temp8_reg[10]/C is not reached by a timing clock
Related violations: <none>

TIMING-17#322 Warning
Non-clocked sequential cell  
The clock pin NV_project_i/DAC_121s101_0/U0/temp8_reg[11]/C is not reached by a timing clock
Related violations: <none>

TIMING-17#323 Warning
Non-clocked sequential cell  
The clock pin NV_project_i/DAC_121s101_0/U0/temp8_reg[13]_srl2___U0_temp1_reg_r_0/CLK is not reached by a timing clock
Related violations: <none>

TIMING-17#324 Warning
Non-clocked sequential cell  
The clock pin NV_project_i/DAC_121s101_0/U0/temp8_reg[14]_U0_temp1_reg_r_1/C is not reached by a timing clock
Related violations: <none>

TIMING-17#325 Warning
Non-clocked sequential cell  
The clock pin NV_project_i/DAC_121s101_0/U0/temp8_reg[15]/C is not reached by a timing clock
Related violations: <none>

TIMING-17#326 Warning
Non-clocked sequential cell  
The clock pin NV_project_i/DAC_121s101_0/U0/temp8_reg[15]_lopt_replica/C is not reached by a timing clock
Related violations: <none>

TIMING-17#327 Warning
Non-clocked sequential cell  
The clock pin NV_project_i/DAC_121s101_0/U0/temp8_reg[1]/C is not reached by a timing clock
Related violations: <none>

TIMING-17#328 Warning
Non-clocked sequential cell  
The clock pin NV_project_i/DAC_121s101_0/U0/temp8_reg[2]/C is not reached by a timing clock
Related violations: <none>

TIMING-17#329 Warning
Non-clocked sequential cell  
The clock pin NV_project_i/DAC_121s101_0/U0/temp8_reg[3]/C is not reached by a timing clock
Related violations: <none>

TIMING-17#330 Warning
Non-clocked sequential cell  
The clock pin NV_project_i/DAC_121s101_0/U0/temp8_reg[4]/C is not reached by a timing clock
Related violations: <none>

TIMING-17#331 Warning
Non-clocked sequential cell  
The clock pin NV_project_i/DAC_121s101_0/U0/temp8_reg[5]/C is not reached by a timing clock
Related violations: <none>

TIMING-17#332 Warning
Non-clocked sequential cell  
The clock pin NV_project_i/DAC_121s101_0/U0/temp8_reg[6]/C is not reached by a timing clock
Related violations: <none>

TIMING-17#333 Warning
Non-clocked sequential cell  
The clock pin NV_project_i/DAC_121s101_0/U0/temp8_reg[7]/C is not reached by a timing clock
Related violations: <none>

TIMING-17#334 Warning
Non-clocked sequential cell  
The clock pin NV_project_i/DAC_121s101_0/U0/temp8_reg[8]/C is not reached by a timing clock
Related violations: <none>

TIMING-17#335 Warning
Non-clocked sequential cell  
The clock pin NV_project_i/DAC_121s101_0/U0/temp8_reg[9]/C is not reached by a timing clock
Related violations: <none>

TIMING-17#336 Warning
Non-clocked sequential cell  
The clock pin NV_project_i/DAC_121s101_0/U0/temp9_reg[0]/C is not reached by a timing clock
Related violations: <none>

TIMING-17#337 Warning
Non-clocked sequential cell  
The clock pin NV_project_i/DAC_121s101_0/U0/temp9_reg[10]/C is not reached by a timing clock
Related violations: <none>

TIMING-17#338 Warning
Non-clocked sequential cell  
The clock pin NV_project_i/DAC_121s101_0/U0/temp9_reg[11]/C is not reached by a timing clock
Related violations: <none>

TIMING-17#339 Warning
Non-clocked sequential cell  
The clock pin NV_project_i/DAC_121s101_0/U0/temp9_reg[13]_srl2___U0_temp1_reg_r_0/CLK is not reached by a timing clock
Related violations: <none>

TIMING-17#340 Warning
Non-clocked sequential cell  
The clock pin NV_project_i/DAC_121s101_0/U0/temp9_reg[14]_U0_temp1_reg_r_1/C is not reached by a timing clock
Related violations: <none>

TIMING-17#341 Warning
Non-clocked sequential cell  
The clock pin NV_project_i/DAC_121s101_0/U0/temp9_reg[15]/C is not reached by a timing clock
Related violations: <none>

TIMING-17#342 Warning
Non-clocked sequential cell  
The clock pin NV_project_i/DAC_121s101_0/U0/temp9_reg[15]_lopt_replica/C is not reached by a timing clock
Related violations: <none>

TIMING-17#343 Warning
Non-clocked sequential cell  
The clock pin NV_project_i/DAC_121s101_0/U0/temp9_reg[1]/C is not reached by a timing clock
Related violations: <none>

TIMING-17#344 Warning
Non-clocked sequential cell  
The clock pin NV_project_i/DAC_121s101_0/U0/temp9_reg[2]/C is not reached by a timing clock
Related violations: <none>

TIMING-17#345 Warning
Non-clocked sequential cell  
The clock pin NV_project_i/DAC_121s101_0/U0/temp9_reg[3]/C is not reached by a timing clock
Related violations: <none>

TIMING-17#346 Warning
Non-clocked sequential cell  
The clock pin NV_project_i/DAC_121s101_0/U0/temp9_reg[4]/C is not reached by a timing clock
Related violations: <none>

TIMING-17#347 Warning
Non-clocked sequential cell  
The clock pin NV_project_i/DAC_121s101_0/U0/temp9_reg[5]/C is not reached by a timing clock
Related violations: <none>

TIMING-17#348 Warning
Non-clocked sequential cell  
The clock pin NV_project_i/DAC_121s101_0/U0/temp9_reg[6]/C is not reached by a timing clock
Related violations: <none>

TIMING-17#349 Warning
Non-clocked sequential cell  
The clock pin NV_project_i/DAC_121s101_0/U0/temp9_reg[7]/C is not reached by a timing clock
Related violations: <none>

TIMING-17#350 Warning
Non-clocked sequential cell  
The clock pin NV_project_i/DAC_121s101_0/U0/temp9_reg[8]/C is not reached by a timing clock
Related violations: <none>

TIMING-17#351 Warning
Non-clocked sequential cell  
The clock pin NV_project_i/DAC_121s101_0/U0/temp9_reg[9]/C is not reached by a timing clock
Related violations: <none>

TIMING-18#1 Warning
Missing input or output delay  
An input delay is missing on DRIVER_DOWN_04 relative to clock(s) clk_fpga_0
Related violations: <none>

TIMING-18#2 Warning
Missing input or output delay  
An input delay is missing on DRIVER_DOWN_05 relative to clock(s) clk_fpga_0
Related violations: <none>

TIMING-18#3 Warning
Missing input or output delay  
An input delay is missing on DRIVER_DOWN_06 relative to clock(s) clk_fpga_0
Related violations: <none>

TIMING-18#4 Warning
Missing input or output delay  
An input delay is missing on DRIVER_UP_03 relative to clock(s) clk_fpga_0
Related violations: <none>

TIMING-18#5 Warning
Missing input or output delay  
An input delay is missing on DRIVER_UP_04 relative to clock(s) clk_fpga_0
Related violations: <none>

TIMING-18#6 Warning
Missing input or output delay  
An input delay is missing on DRIVER_UP_05 relative to clock(s) clk_fpga_0
Related violations: <none>

TIMING-18#7 Warning
Missing input or output delay  
An input delay is missing on DRIVER_UP_06 relative to clock(s) clk_fpga_0
Related violations: <none>

TIMING-18#8 Warning
Missing input or output delay  
An input delay is missing on scl_0 relative to clock(s) clk_fpga_0
Related violations: <none>

TIMING-18#9 Warning
Missing input or output delay  
An input delay is missing on scl_1 relative to clock(s) clk_fpga_0
Related violations: <none>

TIMING-18#10 Warning
Missing input or output delay  
An input delay is missing on sda_0 relative to clock(s) clk_fpga_0
Related violations: <none>

TIMING-18#11 Warning
Missing input or output delay  
An input delay is missing on sda_1 relative to clock(s) clk_fpga_0
Related violations: <none>

TIMING-18#12 Warning
Missing input or output delay  
An output delay is missing on SCLK_0 relative to clock(s) clk_fpga_1
Related violations: <none>

TIMING-18#13 Warning
Missing input or output delay  
An output delay is missing on SCLK_out_0 relative to clock(s) clk_fpga_1
Related violations: <none>

TIMING-18#14 Warning
Missing input or output delay  
An output delay is missing on SCLK_out_1 relative to clock(s) clk_fpga_1
Related violations: <none>

TIMING-18#15 Warning
Missing input or output delay  
An output delay is missing on SCLK_out_2 relative to clock(s) clk_fpga_1
Related violations: <none>

TIMING-18#16 Warning
Missing input or output delay  
An output delay is missing on SCLK_out_3 relative to clock(s) clk_fpga_1
Related violations: <none>

TIMING-18#17 Warning
Missing input or output delay  
An output delay is missing on SCLK_out_4 relative to clock(s) clk_fpga_1
Related violations: <none>

TIMING-18#18 Warning
Missing input or output delay  
An output delay is missing on SCLK_out_6 relative to clock(s) clk_fpga_1
Related violations: <none>

TIMING-18#19 Warning
Missing input or output delay  
An output delay is missing on SCLK_out_7 relative to clock(s) clk_fpga_2
Related violations: <none>

TIMING-18#20 Warning
Missing input or output delay  
An output delay is missing on nRST_out_0 relative to clock(s) clk_fpga_0
Related violations: <none>

TIMING-18#21 Warning
Missing input or output delay  
An output delay is missing on nRST_out_1 relative to clock(s) clk_fpga_0
Related violations: <none>

XDCB-5#1 Warning
Runtime inefficient way to find pin objects  
The option '-from : [get_pins -hierarchical -filter { NAME =~  "*ila_core_inst/u_ila_cap_ctrl/U_CDONE/I_YESLUT6.U_SRL32_*/CLK*" }]' of constraint 'set_false_path' uses inefficient query to find pin objects (see constraint position '58' in the Timing Constraint window in Vivado IDE). To reduce runtime, it is recommended to get the pins through the cell objects. Please refer to Using Constraints Guide (Constraints Efficiency). An example of optimal query is: get_pins -filter {REF_PIN_NAME=~yy*} -of_objects [get_cells -hierarchical xx*].
Current XDC: c:/Users/Jorge/Documents/GitHub/nvHIL/Vivado/NV_project/NV_project/NV_project.srcs/sources_1/bd/NV_project/ip/NV_project_system_ila_0_0/bd_0/ip/ip_0/ila_v6_2/constraints/ila.xdc (Line: 72)
Related violations: <none>

XDCB-5#2 Warning
Runtime inefficient way to find pin objects  
The option '-from : [get_pins -hierarchical -filter { NAME =~  "*ila_core_inst/u_ila_cap_ctrl/U_NS0/I_YESLUT6.U_SRL32_*/CLK*" }]' of constraint 'set_false_path' uses inefficient query to find pin objects (see constraint position '59' in the Timing Constraint window in Vivado IDE). To reduce runtime, it is recommended to get the pins through the cell objects. Please refer to Using Constraints Guide (Constraints Efficiency). An example of optimal query is: get_pins -filter {REF_PIN_NAME=~yy*} -of_objects [get_cells -hierarchical xx*].
Current XDC: c:/Users/Jorge/Documents/GitHub/nvHIL/Vivado/NV_project/NV_project/NV_project.srcs/sources_1/bd/NV_project/ip/NV_project_system_ila_0_0/bd_0/ip/ip_0/ila_v6_2/constraints/ila.xdc (Line: 73)
Related violations: <none>

XDCB-5#3 Warning
Runtime inefficient way to find pin objects  
The option '-from : [get_pins -hierarchical -filter { NAME =~  "*ila_core_inst/u_ila_cap_ctrl/U_NS1/I_YESLUT6.U_SRL32_*/CLK*" }]' of constraint 'set_false_path' uses inefficient query to find pin objects (see constraint position '60' in the Timing Constraint window in Vivado IDE). To reduce runtime, it is recommended to get the pins through the cell objects. Please refer to Using Constraints Guide (Constraints Efficiency). An example of optimal query is: get_pins -filter {REF_PIN_NAME=~yy*} -of_objects [get_cells -hierarchical xx*].
Current XDC: c:/Users/Jorge/Documents/GitHub/nvHIL/Vivado/NV_project/NV_project/NV_project.srcs/sources_1/bd/NV_project/ip/NV_project_system_ila_0_0/bd_0/ip/ip_0/ila_v6_2/constraints/ila.xdc (Line: 74)
Related violations: <none>

XDCB-5#4 Warning
Runtime inefficient way to find pin objects  
The option '-from : [get_pins -hierarchical -filter { NAME =~  "*ila_core_inst/u_ila_cap_ctrl/u_cap_addrgen/U_CMPRESET/I_YESLUT6.U_SRL32_*/CLK*" }]' of constraint 'set_false_path' uses inefficient query to find pin objects (see constraint position '47' in the Timing Constraint window in Vivado IDE). To reduce runtime, it is recommended to get the pins through the cell objects. Please refer to Using Constraints Guide (Constraints Efficiency). An example of optimal query is: get_pins -filter {REF_PIN_NAME=~yy*} -of_objects [get_cells -hierarchical xx*].
Current XDC: c:/Users/Jorge/Documents/GitHub/nvHIL/Vivado/NV_project/NV_project/NV_project.srcs/sources_1/bd/NV_project/ip/NV_project_system_ila_0_0/bd_0/ip/ip_0/ila_v6_2/constraints/ila.xdc (Line: 55)
Related violations: <none>

XDCB-5#5 Warning
Runtime inefficient way to find pin objects  
The option '-from : [get_pins -hierarchical -filter { NAME =~  "*ila_core_inst/u_ila_cap_ctrl/u_cap_addrgen/U_CMPRESET/I_YESLUT6.U_SRL32_*/CLK*" }]' of constraint 'set_false_path' uses inefficient query to find pin objects (see constraint position '52' in the Timing Constraint window in Vivado IDE). To reduce runtime, it is recommended to get the pins through the cell objects. Please refer to Using Constraints Guide (Constraints Efficiency). An example of optimal query is: get_pins -filter {REF_PIN_NAME=~yy*} -of_objects [get_cells -hierarchical xx*].
Current XDC: c:/Users/Jorge/Documents/GitHub/nvHIL/Vivado/NV_project/NV_project/NV_project.srcs/sources_1/bd/NV_project/ip/NV_project_system_ila_0_0/bd_0/ip/ip_0/ila_v6_2/constraints/ila.xdc (Line: 66)
Related violations: <none>

XDCB-5#6 Warning
Runtime inefficient way to find pin objects  
The option '-from : [get_pins -hierarchical -filter { NAME =~  "*ila_core_inst/u_ila_cap_ctrl/u_cap_addrgen/U_CMPRESET/I_YESLUT6.U_SRL32_*/CLK*" }]' of constraint 'set_false_path' uses inefficient query to find pin objects (see constraint position '53' in the Timing Constraint window in Vivado IDE). To reduce runtime, it is recommended to get the pins through the cell objects. Please refer to Using Constraints Guide (Constraints Efficiency). An example of optimal query is: get_pins -filter {REF_PIN_NAME=~yy*} -of_objects [get_cells -hierarchical xx*].
Current XDC: c:/Users/Jorge/Documents/GitHub/nvHIL/Vivado/NV_project/NV_project/NV_project.srcs/sources_1/bd/NV_project/ip/NV_project_system_ila_0_0/bd_0/ip/ip_0/ila_v6_2/constraints/ila.xdc (Line: 67)
Related violations: <none>

XDCB-5#7 Warning
Runtime inefficient way to find pin objects  
The option '-from : [get_pins -hierarchical -filter { NAME =~  "*ila_core_inst/u_ila_cap_ctrl/u_cap_addrgen/u_cap_sample_counter/U_SCE/I_YESLUT6.U_SRLC16E/CLK*" }]' of constraint 'set_false_path' uses inefficient query to find pin objects (see constraint position '54' in the Timing Constraint window in Vivado IDE). To reduce runtime, it is recommended to get the pins through the cell objects. Please refer to Using Constraints Guide (Constraints Efficiency). An example of optimal query is: get_pins -filter {REF_PIN_NAME=~yy*} -of_objects [get_cells -hierarchical xx*].
Current XDC: c:/Users/Jorge/Documents/GitHub/nvHIL/Vivado/NV_project/NV_project/NV_project.srcs/sources_1/bd/NV_project/ip/NV_project_system_ila_0_0/bd_0/ip/ip_0/ila_v6_2/constraints/ila.xdc (Line: 68)
Related violations: <none>

XDCB-5#8 Warning
Runtime inefficient way to find pin objects  
The option '-from : [get_pins -hierarchical -filter { NAME =~  "*ila_core_inst/u_ila_cap_ctrl/u_cap_addrgen/u_cap_sample_counter/U_SCE/I_YESLUT6.U_SRLC16E/CLK*" }]' of constraint 'set_false_path' uses inefficient query to find pin objects (see constraint position '55' in the Timing Constraint window in Vivado IDE). To reduce runtime, it is recommended to get the pins through the cell objects. Please refer to Using Constraints Guide (Constraints Efficiency). An example of optimal query is: get_pins -filter {REF_PIN_NAME=~yy*} -of_objects [get_cells -hierarchical xx*].
Current XDC: c:/Users/Jorge/Documents/GitHub/nvHIL/Vivado/NV_project/NV_project/NV_project.srcs/sources_1/bd/NV_project/ip/NV_project_system_ila_0_0/bd_0/ip/ip_0/ila_v6_2/constraints/ila.xdc (Line: 69)
Related violations: <none>

XDCB-5#9 Warning
Runtime inefficient way to find pin objects  
The option '-from : [get_pins -hierarchical -filter { NAME =~  "*ila_core_inst/u_ila_cap_ctrl/u_cap_addrgen/u_cap_sample_counter/U_SCMPCE/I_YESLUT6.U_SRL32/CLK*"}]' of constraint 'set_false_path' uses inefficient query to find pin objects (see constraint position '45' in the Timing Constraint window in Vivado IDE). To reduce runtime, it is recommended to get the pins through the cell objects. Please refer to Using Constraints Guide (Constraints Efficiency). An example of optimal query is: get_pins -filter {REF_PIN_NAME=~yy*} -of_objects [get_cells -hierarchical xx*].
Current XDC: c:/Users/Jorge/Documents/GitHub/nvHIL/Vivado/NV_project/NV_project/NV_project.srcs/sources_1/bd/NV_project/ip/NV_project_system_ila_0_0/bd_0/ip/ip_0/ila_v6_2/constraints/ila.xdc (Line: 52)
Related violations: <none>

XDCB-5#10 Warning
Runtime inefficient way to find pin objects  
The option '-from : [get_pins -hierarchical -filter { NAME =~  "*ila_core_inst/u_ila_cap_ctrl/u_cap_addrgen/u_cap_sample_counter/U_SCRST/I_YESLUT6.U_SRL32_*/CLK*" }]' of constraint 'set_false_path' uses inefficient query to find pin objects (see constraint position '56' in the Timing Constraint window in Vivado IDE). To reduce runtime, it is recommended to get the pins through the cell objects. Please refer to Using Constraints Guide (Constraints Efficiency). An example of optimal query is: get_pins -filter {REF_PIN_NAME=~yy*} -of_objects [get_cells -hierarchical xx*].
Current XDC: c:/Users/Jorge/Documents/GitHub/nvHIL/Vivado/NV_project/NV_project/NV_project.srcs/sources_1/bd/NV_project/ip/NV_project_system_ila_0_0/bd_0/ip/ip_0/ila_v6_2/constraints/ila.xdc (Line: 70)
Related violations: <none>

XDCB-5#11 Warning
Runtime inefficient way to find pin objects  
The option '-from : [get_pins -hierarchical -filter { NAME =~  "*ila_core_inst/u_ila_cap_ctrl/u_cap_addrgen/u_cap_sample_counter/u_scnt_cmp/allx_typeA_match_detection.ltlib_v1_0_0_allx_typeA_inst/DUT/I_WHOLE_SLICE.G_SLICE_IDX[*].U_ALL_SRL_SLICE/u_srl*/S*/CLK*"}]' of constraint 'set_false_path' uses inefficient query to find pin objects (see constraint position '13' in the Timing Constraint window in Vivado IDE). To reduce runtime, it is recommended to get the pins through the cell objects. Please refer to Using Constraints Guide (Constraints Efficiency). An example of optimal query is: get_pins -filter {REF_PIN_NAME=~yy*} -of_objects [get_cells -hierarchical xx*].
Current XDC: c:/Users/Jorge/Documents/GitHub/nvHIL/Vivado/NV_project/NV_project/NV_project.srcs/sources_1/bd/NV_project/ip/NV_project_system_ila_0_0/bd_0/ip/ip_0/ila_v6_2/constraints/ila_impl.xdc (Line: 5)
Related violations: <none>

XDCB-5#12 Warning
Runtime inefficient way to find pin objects  
The option '-from : [get_pins -hierarchical -filter { NAME =~  "*ila_core_inst/u_ila_cap_ctrl/u_cap_addrgen/u_cap_sample_counter/u_scnt_cmp/allx_typeA_match_detection.ltlib_v1_0_0_allx_typeA_inst/DUT/u_srl_drive/CLK*"}]' of constraint 'set_false_path' uses inefficient query to find pin objects (see constraint position '46' in the Timing Constraint window in Vivado IDE). To reduce runtime, it is recommended to get the pins through the cell objects. Please refer to Using Constraints Guide (Constraints Efficiency). An example of optimal query is: get_pins -filter {REF_PIN_NAME=~yy*} -of_objects [get_cells -hierarchical xx*].
Current XDC: c:/Users/Jorge/Documents/GitHub/nvHIL/Vivado/NV_project/NV_project/NV_project.srcs/sources_1/bd/NV_project/ip/NV_project_system_ila_0_0/bd_0/ip/ip_0/ila_v6_2/constraints/ila.xdc (Line: 53)
Related violations: <none>

XDCB-5#13 Warning
Runtime inefficient way to find pin objects  
The option '-from : [get_pins -hierarchical -filter { NAME =~  "*ila_core_inst/u_ila_cap_ctrl/u_cap_addrgen/u_cap_window_counter/U_WCE/I_YESLUT6.U_SRLC16E/CLK*" }]' of constraint 'set_false_path' uses inefficient query to find pin objects (see constraint position '57' in the Timing Constraint window in Vivado IDE). To reduce runtime, it is recommended to get the pins through the cell objects. Please refer to Using Constraints Guide (Constraints Efficiency). An example of optimal query is: get_pins -filter {REF_PIN_NAME=~yy*} -of_objects [get_cells -hierarchical xx*].
Current XDC: c:/Users/Jorge/Documents/GitHub/nvHIL/Vivado/NV_project/NV_project/NV_project.srcs/sources_1/bd/NV_project/ip/NV_project_system_ila_0_0/bd_0/ip/ip_0/ila_v6_2/constraints/ila.xdc (Line: 71)
Related violations: <none>

XDCB-5#14 Warning
Runtime inefficient way to find pin objects  
The option '-from : [get_pins -hierarchical -filter { NAME =~  "*ila_core_inst/u_ila_cap_ctrl/u_cap_addrgen/u_cap_window_counter/U_WHCMPCE/I_YESLUT6.U_SRL32/CLK*"}]' of constraint 'set_false_path' uses inefficient query to find pin objects (see constraint position '50' in the Timing Constraint window in Vivado IDE). To reduce runtime, it is recommended to get the pins through the cell objects. Please refer to Using Constraints Guide (Constraints Efficiency). An example of optimal query is: get_pins -filter {REF_PIN_NAME=~yy*} -of_objects [get_cells -hierarchical xx*].
Current XDC: c:/Users/Jorge/Documents/GitHub/nvHIL/Vivado/NV_project/NV_project/NV_project.srcs/sources_1/bd/NV_project/ip/NV_project_system_ila_0_0/bd_0/ip/ip_0/ila_v6_2/constraints/ila.xdc (Line: 64)
Related violations: <none>

XDCB-5#15 Warning
Runtime inefficient way to find pin objects  
The option '-from : [get_pins -hierarchical -filter { NAME =~  "*ila_core_inst/u_ila_cap_ctrl/u_cap_addrgen/u_cap_window_counter/U_WLCMPCE/I_YESLUT6.U_SRL32/CLK*"}]' of constraint 'set_false_path' uses inefficient query to find pin objects (see constraint position '51' in the Timing Constraint window in Vivado IDE). To reduce runtime, it is recommended to get the pins through the cell objects. Please refer to Using Constraints Guide (Constraints Efficiency). An example of optimal query is: get_pins -filter {REF_PIN_NAME=~yy*} -of_objects [get_cells -hierarchical xx*].
Current XDC: c:/Users/Jorge/Documents/GitHub/nvHIL/Vivado/NV_project/NV_project/NV_project.srcs/sources_1/bd/NV_project/ip/NV_project_system_ila_0_0/bd_0/ip/ip_0/ila_v6_2/constraints/ila.xdc (Line: 65)
Related violations: <none>

XDCB-5#16 Warning
Runtime inefficient way to find pin objects  
The option '-from : [get_pins -hierarchical -filter { NAME =~  "*ila_core_inst/u_ila_cap_ctrl/u_cap_addrgen/u_cap_window_counter/u_wcnt_hcmp/allx_typeA_match_detection.ltlib_v1_0_0_allx_typeA_inst/DUT/I_WHOLE_SLICE.G_SLICE_IDX[*].U_ALL_SRL_SLICE/u_srl*/S*/CLK*"}]' of constraint 'set_false_path' uses inefficient query to find pin objects (see constraint position '15' in the Timing Constraint window in Vivado IDE). To reduce runtime, it is recommended to get the pins through the cell objects. Please refer to Using Constraints Guide (Constraints Efficiency). An example of optimal query is: get_pins -filter {REF_PIN_NAME=~yy*} -of_objects [get_cells -hierarchical xx*].
Current XDC: c:/Users/Jorge/Documents/GitHub/nvHIL/Vivado/NV_project/NV_project/NV_project.srcs/sources_1/bd/NV_project/ip/NV_project_system_ila_0_0/bd_0/ip/ip_0/ila_v6_2/constraints/ila_impl.xdc (Line: 11)
Related violations: <none>

XDCB-5#17 Warning
Runtime inefficient way to find pin objects  
The option '-from : [get_pins -hierarchical -filter { NAME =~  "*ila_core_inst/u_ila_cap_ctrl/u_cap_addrgen/u_cap_window_counter/u_wcnt_hcmp/allx_typeA_match_detection.ltlib_v1_0_0_allx_typeA_inst/DUT/u_srl_drive/CLK*"}]' of constraint 'set_false_path' uses inefficient query to find pin objects (see constraint position '49' in the Timing Constraint window in Vivado IDE). To reduce runtime, it is recommended to get the pins through the cell objects. Please refer to Using Constraints Guide (Constraints Efficiency). An example of optimal query is: get_pins -filter {REF_PIN_NAME=~yy*} -of_objects [get_cells -hierarchical xx*].
Current XDC: c:/Users/Jorge/Documents/GitHub/nvHIL/Vivado/NV_project/NV_project/NV_project.srcs/sources_1/bd/NV_project/ip/NV_project_system_ila_0_0/bd_0/ip/ip_0/ila_v6_2/constraints/ila.xdc (Line: 63)
Related violations: <none>

XDCB-5#18 Warning
Runtime inefficient way to find pin objects  
The option '-from : [get_pins -hierarchical -filter { NAME =~  "*ila_core_inst/u_ila_cap_ctrl/u_cap_addrgen/u_cap_window_counter/u_wcnt_lcmp/allx_typeA_match_detection.ltlib_v1_0_0_allx_typeA_inst/DUT/I_WHOLE_SLICE.G_SLICE_IDX[*].U_ALL_SRL_SLICE/u_srl*/S*/CLK*"}]' of constraint 'set_false_path' uses inefficient query to find pin objects (see constraint position '14' in the Timing Constraint window in Vivado IDE). To reduce runtime, it is recommended to get the pins through the cell objects. Please refer to Using Constraints Guide (Constraints Efficiency). An example of optimal query is: get_pins -filter {REF_PIN_NAME=~yy*} -of_objects [get_cells -hierarchical xx*].
Current XDC: c:/Users/Jorge/Documents/GitHub/nvHIL/Vivado/NV_project/NV_project/NV_project.srcs/sources_1/bd/NV_project/ip/NV_project_system_ila_0_0/bd_0/ip/ip_0/ila_v6_2/constraints/ila_impl.xdc (Line: 10)
Related violations: <none>

XDCB-5#19 Warning
Runtime inefficient way to find pin objects  
The option '-from : [get_pins -hierarchical -filter { NAME =~  "*ila_core_inst/u_ila_cap_ctrl/u_cap_addrgen/u_cap_window_counter/u_wcnt_lcmp/allx_typeA_match_detection.ltlib_v1_0_0_allx_typeA_inst/DUT/u_srl_drive/CLK*"}]' of constraint 'set_false_path' uses inefficient query to find pin objects (see constraint position '48' in the Timing Constraint window in Vivado IDE). To reduce runtime, it is recommended to get the pins through the cell objects. Please refer to Using Constraints Guide (Constraints Efficiency). An example of optimal query is: get_pins -filter {REF_PIN_NAME=~yy*} -of_objects [get_cells -hierarchical xx*].
Current XDC: c:/Users/Jorge/Documents/GitHub/nvHIL/Vivado/NV_project/NV_project/NV_project.srcs/sources_1/bd/NV_project/ip/NV_project_system_ila_0_0/bd_0/ip/ip_0/ila_v6_2/constraints/ila.xdc (Line: 62)
Related violations: <none>

XDCB-5#20 Warning
Runtime inefficient way to find pin objects  
The option 'objects : [get_pins -hierarchical -filter {NAME =~ "*BSCANID.u_xsdbm_id/SWITCH_N_EXT_BSCAN.bscan_inst/SERIES7_BSCAN.bscan_inst/TCK"}]' of constraint 'create_clock' uses inefficient query to find pin objects (see constraint position '119' in the Timing Constraint window in Vivado IDE). To reduce runtime, it is recommended to get the pins through the cell objects. Please refer to Using Constraints Guide (Constraints Efficiency). An example of optimal query is: get_pins -filter {REF_PIN_NAME=~yy*} -of_objects [get_cells -hierarchical xx*].
Current XDC: c:/Users/Jorge/Documents/GitHub/nvHIL/Vivado/NV_project/NV_project/NV_project.runs/impl_2/.Xil/Vivado-13784-DESKTOP-ANME3V9/dbg_hub_CV.0/out/xsdbm.xdc (Line: 5)
Related violations: <none>


