Copyright 1986-2017 Xilinx, Inc. All Rights Reserved.
------------------------------------------------------------------------------------------------
| Tool Version : Vivado v.2017.4 (win64) Build 2086221 Fri Dec 15 20:55:39 MST 2017
| Date         : Mon Jun 25 13:29:34 2018
| Host         : DESKTOP-ANME3V9 running 64-bit major release  (build 9200)
| Command      : report_clock_utilization -file NV_project_wrapper_clock_utilization_routed.rpt
| Design       : NV_project_wrapper
| Device       : 7z020-clg400
| Speed File   : -1  PRODUCTION 1.11 2014-09-11
------------------------------------------------------------------------------------------------

Clock Utilization Report

Table of Contents
-----------------
1. Clock Primitive Utilization
2. Global Clock Resources
3. Global Clock Source Details
4. Local Clock Details
5. Clock Regions: Key Resource Utilization
6. Clock Regions : Global Clock Summary
7. Device Cell Placement Summary for Global Clock g0
8. Device Cell Placement Summary for Global Clock g1
9. Device Cell Placement Summary for Global Clock g2
10. Device Cell Placement Summary for Global Clock g3
11. Device Cell Placement Summary for Global Clock g4
12. Device Cell Placement Summary for Global Clock g5
13. Clock Region Cell Placement per Global Clock: Region X1Y0
14. Clock Region Cell Placement per Global Clock: Region X0Y1
15. Clock Region Cell Placement per Global Clock: Region X1Y1
16. Clock Region Cell Placement per Global Clock: Region X0Y2
17. Clock Region Cell Placement per Global Clock: Region X1Y2

1. Clock Primitive Utilization
------------------------------

+----------+------+-----------+-----+--------------+--------+
| Type     | Used | Available | LOC | Clock Region | Pblock |
+----------+------+-----------+-----+--------------+--------+
| BUFGCTRL |    6 |        32 |   0 |            0 |      0 |
| BUFH     |    0 |        72 |   0 |            0 |      0 |
| BUFIO    |    0 |        16 |   0 |            0 |      0 |
| BUFMR    |    0 |         8 |   0 |            0 |      0 |
| BUFR     |    0 |        16 |   0 |            0 |      0 |
| MMCM     |    0 |         4 |   0 |            0 |      0 |
| PLL      |    0 |         4 |   0 |            0 |      0 |
+----------+------+-----------+-----+--------------+--------+


2. Global Clock Resources
-------------------------

+-----------+-----------+-----------------+------------+----------------+--------------+-------------------+-------------+-----------------+--------------+--------------------------------------------------------------------------------------------+----------------------------------------------------------------------------+--------------------------------------------------+
| Global Id | Source Id | Driver Type/Pin | Constraint | Site           | Clock Region | Load Clock Region | Clock Loads | Non-Clock Loads | Clock Period | Clock                                                                                      | Driver Pin                                                                 | Net                                              |
+-----------+-----------+-----------------+------------+----------------+--------------+-------------------+-------------+-----------------+--------------+--------------------------------------------------------------------------------------------+----------------------------------------------------------------------------+--------------------------------------------------+
| g0        | src0      | BUFG/O          | None       | BUFGCTRL_X0Y16 | n/a          |                 5 |       15437 |               0 |       10.000 | clk_fpga_0                                                                                 | NV_project_i/processing_system7_0/inst/buffer_fclk_clk_0.FCLK_CLK_0_BUFG/O | NV_project_i/processing_system7_0/inst/FCLK_CLK0 |
| g1        | src1      | BUFG/O          | None       | BUFGCTRL_X0Y2  | n/a          |                 1 |         458 |               0 |       33.000 | dbg_hub/inst/BSCANID.u_xsdbm_id/SWITCH_N_EXT_BSCAN.bscan_inst/SERIES7_BSCAN.bscan_inst/TCK | dbg_hub/inst/BSCANID.u_xsdbm_id/SWITCH_N_EXT_BSCAN.u_bufg_icon_tck/O       | dbg_hub/inst/BSCANID.u_xsdbm_id/itck_i           |
| g2        | src2      | BUFG/O          | None       | BUFGCTRL_X0Y0  | n/a          |                 1 |         281 |               6 |              |                                                                                            | NV_project_i/DAC_121s101_0/CLK_OUT_BUFG_inst/O                             | NV_project_i/DAC_121s101_0/CLK_OUT               |
| g3        | src3      | BUFG/O          | None       | BUFGCTRL_X0Y1  | n/a          |                 2 |          40 |               1 |              |                                                                                            | NV_project_i/AD_5293_v2_0/CLK_OUT_BUFG_inst/O                              | NV_project_i/AD_5293_v2_0/CLK_OUT                |
| g4        | src0      | BUFG/O          | None       | BUFGCTRL_X0Y17 | n/a          |                 3 |          37 |               0 |       20.000 | clk_fpga_1                                                                                 | NV_project_i/processing_system7_0/inst/buffer_fclk_clk_1.FCLK_CLK_1_BUFG/O | NV_project_i/processing_system7_0/inst/FCLK_CLK1 |
| g5        | src4      | BUFG/O          | None       | BUFGCTRL_X0Y3  | n/a          |                 1 |          30 |               0 |              |                                                                                            | NV_project_i/AD1RefComp_0/DATA1_reg[11]_i_1/O                              | NV_project_i/AD1RefComp_0/clk_div                |
+-----------+-----------+-----------------+------------+----------------+--------------+-------------------+-------------+-----------------+--------------+--------------------------------------------------------------------------------------------+----------------------------------------------------------------------------+--------------------------------------------------+
* Clock Loads column represents the clock pin loads (pin count)
** Non-Clock Loads column represents the non-clock pin loads (pin count)


3. Global Clock Source Details
------------------------------

+-----------+-----------+-----------------+------------+--------------+--------------+-------------+-----------------+---------------------+--------------------------------------------------------------------------------------------+--------------------------------------------------------------------------------------------+----------------------------------------------------------------------+
| Source Id | Global Id | Driver Type/Pin | Constraint | Site         | Clock Region | Clock Loads | Non-Clock Loads | Source Clock Period | Source Clock                                                                               | Driver Pin                                                                                 | Net                                                                  |
+-----------+-----------+-----------------+------------+--------------+--------------+-------------+-----------------+---------------------+--------------------------------------------------------------------------------------------+--------------------------------------------------------------------------------------------+----------------------------------------------------------------------+
| src0      | g0        | PS7/FCLKCLK[0]  | PS7_X0Y0   | PS7_X0Y0     | X0Y2         |           1 |               0 |              10.000 | clk_fpga_0                                                                                 | NV_project_i/processing_system7_0/inst/PS7_i/FCLKCLK[0]                                    | NV_project_i/processing_system7_0/inst/FCLK_CLK_unbuffered[0]        |
| src0      | g4        | PS7/FCLKCLK[1]  | PS7_X0Y0   | PS7_X0Y0     | X0Y2         |           1 |               0 |              20.000 | clk_fpga_1                                                                                 | NV_project_i/processing_system7_0/inst/PS7_i/FCLKCLK[1]                                    | NV_project_i/processing_system7_0/inst/FCLK_CLK_unbuffered[1]        |
| src1      | g1        | BSCANE2/TCK     | None       | BSCAN_X0Y0   | X1Y1         |           1 |               0 |              33.000 | dbg_hub/inst/BSCANID.u_xsdbm_id/SWITCH_N_EXT_BSCAN.bscan_inst/SERIES7_BSCAN.bscan_inst/TCK | dbg_hub/inst/BSCANID.u_xsdbm_id/SWITCH_N_EXT_BSCAN.bscan_inst/SERIES7_BSCAN.bscan_inst/TCK | dbg_hub/inst/BSCANID.u_xsdbm_id/SWITCH_N_EXT_BSCAN.bscan_inst/tck_bs |
| src2      | g2        | FDCE/Q          | None       | SLICE_X50Y46 | X1Y0         |           1 |               1 |                     |                                                                                            | NV_project_i/DAC_121s101_0/U0/clk_counter_reg[0]/Q                                         | NV_project_i/DAC_121s101_0/U0/CLK_OUT                                |
| src3      | g3        | FDCE/Q          | None       | SLICE_X51Y46 | X1Y0         |           1 |               1 |                     |                                                                                            | NV_project_i/AD_5293_v2_0/U0/clk_counter_reg[0]/Q                                          | NV_project_i/AD_5293_v2_0/U0/CLK_OUT                                 |
| src4      | g5        | FDCE/Q          | None       | SLICE_X50Y50 | X1Y1         |           1 |               2 |                     |                                                                                            | NV_project_i/AD1RefComp_0/U0/clk_counter_reg[1]/Q                                          | NV_project_i/AD1RefComp_0/U0/Q[0]                                    |
+-----------+-----------+-----------------+------------+--------------+--------------+-------------+-----------------+---------------------+--------------------------------------------------------------------------------------------+--------------------------------------------------------------------------------------------+----------------------------------------------------------------------+
* Clock Loads column represents the clock pin loads (pin count)
** Non-Clock Loads column represents the non-clock pin loads (pin count)


4. Local Clock Details
----------------------

+----------+-----------------+------------+--------------+--------------+-------------+-----------------+--------------+------------+---------------------------------------------------------+--------------------------------------------------+
| Local Id | Driver Type/Pin | Constraint | Site/BEL     | Clock Region | Clock Loads | Non-Clock Loads | Clock Period | Clock      | Driver Pin                                              | Net                                              |
+----------+-----------------+------------+--------------+--------------+-------------+-----------------+--------------+------------+---------------------------------------------------------+--------------------------------------------------||
| 0        | PS7/FCLKCLK[2]  | PS7_X0Y0   | PS7_X0Y0/PS7 | X0Y2         |          46 |               0 |      100.000 | clk_fpga_2 | NV_project_i/processing_system7_0/inst/PS7_i/FCLKCLK[2] | NV_project_i/processing_system7_0/inst/FCLK_CLK2 - Static -
+----------+-----------------+------------+--------------+--------------+-------------+-----------------+--------------+------------+---------------------------------------------------------+--------------------------------------------------||
* Local Clocks in this context represents only clocks driven by non-global buffers
** Clock Loads column represents the clock pin loads (pin count)
*** Non-Clock Loads column represents the non-clock pin loads (pin count)


5. Clock Regions: Key Resource Utilization
------------------------------------------

+-------------------+--------------+--------------+--------------+--------------+--------------+--------------+--------------+--------------+--------------+--------------+--------------+--------------+--------------+--------------+--------------+
|                   | Global Clock |     BUFRs    |    BUFMRs    |    BUFIOs    |     MMCM     |      PLL     |      GT      |      PCI     |    ILOGIC    |    OLOGIC    |      FF      |     LUTM     |    RAMB18    |    RAMB36    |    DSP48E2   |
+-------------------+------+-------+------+-------+------+-------+------+-------+------+-------+------+-------+------+-------+------+-------+------+-------+------+-------+------+-------+------+-------+------+-------+------+-------+------+-------+
| Clock Region Name | Used | Avail | Used | Avail | Used | Avail | Used | Avail | Used | Avail | Used | Avail | Used | Avail | Used | Avail | Used | Avail | Used | Avail | Used | Avail | Used | Avail | Used | Avail | Used | Avail | Used | Avail |
+-------------------+------+-------+------+-------+------+-------+------+-------+------+-------+------+-------+------+-------+------+-------+------+-------+------+-------+------+-------+------+-------+------+-------+------+-------+------+-------+
| X0Y0              |    0 |    12 |    0 |     4 |    0 |     2 |    0 |     4 |    0 |     1 |    0 |     1 |    0 |     0 |    0 |     0 |    0 |    50 |    0 |    50 |    0 |  2500 |    0 |  1000 |    0 |    60 |    0 |    30 |    0 |    60 |
| X1Y0              |    2 |    12 |    0 |     4 |    0 |     2 |    0 |     4 |    0 |     1 |    0 |     1 |    0 |     0 |    0 |     0 |    0 |    50 |    0 |    50 |  555 |  3200 |  184 |   850 |    0 |    60 |    0 |    30 |    4 |    40 |
| X0Y1              |    3 |    12 |    0 |     0 |    0 |     0 |    0 |     0 |    0 |     0 |    0 |     0 |    0 |     0 |    0 |     0 |    0 |     0 |    0 |     0 | 2696 |  1200 |  997 |   400 |    0 |    20 |    3 |    10 |    0 |    20 |
| X1Y1              |    4 |    12 |    0 |     4 |    0 |     2 |    0 |     4 |    0 |     1 |    0 |     1 |    0 |     0 |    0 |     0 |    0 |    50 |    0 |    50 | 4801 |  2600 | 2055 |   850 |    1 |    60 |    7 |    30 |   14 |    40 |
| X0Y2              |    2 |    12 |    0 |     0 |    0 |     0 |    0 |     0 |    0 |     0 |    0 |     0 |    0 |     0 |    0 |     0 |    0 |     0 |    0 |     0 | 1940 |  1200 |  744 |   400 |    0 |    20 |    1 |    10 |   17 |    20 |
| X1Y2              |    2 |    12 |    0 |     4 |    0 |     2 |    0 |     4 |    0 |     1 |    0 |     1 |    0 |     0 |    0 |     0 |    0 |    50 |    0 |    50 | 5625 |  2600 | 1981 |   850 |    0 |    60 |    3 |    30 |   36 |    40 |
+-------------------+------+-------+------+-------+------+-------+------+-------+------+-------+------+-------+------+-------+------+-------+------+-------+------+-------+------+-------+------+-------+------+-------+------+-------+------+-------+
* Global Clock column represents track count; while other columns represents cell counts


6. Clock Regions : Global Clock Summary
---------------------------------------

All Modules
+----+----+----+
|    | X0 | X1 |
+----+----+----+
| Y2 |  2 |  2 |
| Y1 |  3 |  4 |
| Y0 |  0 |  2 |
+----+----+----+


7. Device Cell Placement Summary for Global Clock g0
----------------------------------------------------

+-----------+-----------------+-------------------+------------+-------------+---------------+-------------+----------+----------------+----------+--------------------------------------------------+
| Global Id | Driver Type/Pin | Driver Region (D) | Clock      | Period (ns) | Waveform (ns) | Slice Loads | IO Loads | Clocking Loads | GT Loads | Net                                              |
+-----------+-----------------+-------------------+------------+-------------+---------------+-------------+----------+----------------+----------+--------------------------------------------------+
| g0        | BUFG/O          | n/a               | clk_fpga_0 |      10.000 | {0.000 5.000} |       15393 |        0 |              0 |        0 | NV_project_i/processing_system7_0/inst/FCLK_CLK0 |
+-----------+-----------------+-------------------+------------+-------------+---------------+-------------+----------+----------------+----------+--------------------------------------------------+
* Logic Loads column represents load cell count of all cell types other than IO, GT and clock resources
** IO Loads column represents load cell count of IO types
*** Clocking Loads column represents load cell count that are clock resources (global clock buffer, MMCM, PLL, etc)
**** GT Loads column represents load cell count of GT types


+----+-------+-------+
|    | X0    | X1    |
+----+-------+-------+
| Y2 |  1976 |  5472 |
| Y1 |  2689 |  4698 |
| Y0 |     0 |   558 |
+----+-------+-------+


8. Device Cell Placement Summary for Global Clock g1
----------------------------------------------------

+-----------+-----------------+-------------------+--------------------------------------------------------------------------------------------+-------------+----------------+-------------+----------+----------------+----------+----------------------------------------+
| Global Id | Driver Type/Pin | Driver Region (D) | Clock                                                                                      | Period (ns) | Waveform (ns)  | Slice Loads | IO Loads | Clocking Loads | GT Loads | Net                                    |
+-----------+-----------------+-------------------+--------------------------------------------------------------------------------------------+-------------+----------------+-------------+----------+----------------+----------+----------------------------------------+
| g1        | BUFG/O          | n/a               | dbg_hub/inst/BSCANID.u_xsdbm_id/SWITCH_N_EXT_BSCAN.bscan_inst/SERIES7_BSCAN.bscan_inst/TCK |      33.000 | {0.000 16.500} |         455 |        0 |              0 |        0 | dbg_hub/inst/BSCANID.u_xsdbm_id/itck_i |
+-----------+-----------------+-------------------+--------------------------------------------------------------------------------------------+-------------+----------------+-------------+----------+----------------+----------+----------------------------------------+
* Logic Loads column represents load cell count of all cell types other than IO, GT and clock resources
** IO Loads column represents load cell count of IO types
*** Clocking Loads column represents load cell count that are clock resources (global clock buffer, MMCM, PLL, etc)
**** GT Loads column represents load cell count of GT types


+----+----+------+
|    | X0 | X1   |
+----+----+------+
| Y2 |  0 |    0 |
| Y1 |  0 |  455 |
| Y0 |  0 |    0 |
+----+----+------+


9. Device Cell Placement Summary for Global Clock g2
----------------------------------------------------

+-----------+-----------------+-------------------+-------+-------------+---------------+-------------+----------+----------------+----------+------------------------------------+
| Global Id | Driver Type/Pin | Driver Region (D) | Clock | Period (ns) | Waveform (ns) | Slice Loads | IO Loads | Clocking Loads | GT Loads | Net                                |
+-----------+-----------------+-------------------+-------+-------------+---------------+-------------+----------+----------------+----------+------------------------------------+
| g2        | BUFG/O          | n/a               |       |             |               |         281 |        6 |              0 |        0 | NV_project_i/DAC_121s101_0/CLK_OUT |
+-----------+-----------------+-------------------+-------+-------------+---------------+-------------+----------+----------------+----------+------------------------------------+
* Logic Loads column represents load cell count of all cell types other than IO, GT and clock resources
** IO Loads column represents load cell count of IO types
*** Clocking Loads column represents load cell count that are clock resources (global clock buffer, MMCM, PLL, etc)
**** GT Loads column represents load cell count of GT types


+----+----+------+
|    | X0 | X1   |
+----+----+------+
| Y2 |  0 |  287 |
| Y1 |  0 |    0 |
| Y0 |  0 |    0 |
+----+----+------+


10. Device Cell Placement Summary for Global Clock g3
-----------------------------------------------------

+-----------+-----------------+-------------------+-------+-------------+---------------+-------------+----------+----------------+----------+-----------------------------------+
| Global Id | Driver Type/Pin | Driver Region (D) | Clock | Period (ns) | Waveform (ns) | Slice Loads | IO Loads | Clocking Loads | GT Loads | Net                               |
+-----------+-----------------+-------------------+-------+-------------+---------------+-------------+----------+----------------+----------+-----------------------------------+
| g3        | BUFG/O          | n/a               |       |             |               |          40 |        1 |              0 |        0 | NV_project_i/AD_5293_v2_0/CLK_OUT |
+-----------+-----------------+-------------------+-------+-------------+---------------+-------------+----------+----------------+----------+-----------------------------------+
* Logic Loads column represents load cell count of all cell types other than IO, GT and clock resources
** IO Loads column represents load cell count of IO types
*** Clocking Loads column represents load cell count that are clock resources (global clock buffer, MMCM, PLL, etc)
**** GT Loads column represents load cell count of GT types


+----+-----+----+
|    | X0  | X1 |
+----+-----+----+
| Y2 |   0 |  0 |
| Y1 |  40 |  1 |
| Y0 |   0 |  0 |
+----+-----+----+


11. Device Cell Placement Summary for Global Clock g4
-----------------------------------------------------

+-----------+-----------------+-------------------+------------+-------------+----------------+-------------+----------+----------------+----------+--------------------------------------------------+
| Global Id | Driver Type/Pin | Driver Region (D) | Clock      | Period (ns) | Waveform (ns)  | Slice Loads | IO Loads | Clocking Loads | GT Loads | Net                                              |
+-----------+-----------------+-------------------+------------+-------------+----------------+-------------+----------+----------------+----------+--------------------------------------------------+
| g4        | BUFG/O          | n/a               | clk_fpga_1 |      20.000 | {0.000 10.000} |          37 |        0 |              0 |        0 | NV_project_i/processing_system7_0/inst/FCLK_CLK1 |
+-----------+-----------------+-------------------+------------+-------------+----------------+-------------+----------+----------------+----------+--------------------------------------------------+
* Logic Loads column represents load cell count of all cell types other than IO, GT and clock resources
** IO Loads column represents load cell count of IO types
*** Clocking Loads column represents load cell count that are clock resources (global clock buffer, MMCM, PLL, etc)
**** GT Loads column represents load cell count of GT types


+----+-----+----+
|    | X0  | X1 |
+----+-----+----+
| Y2 |  34 |  0 |
| Y1 |   0 |  2 |
| Y0 |   0 |  1 |
+----+-----+----+


12. Device Cell Placement Summary for Global Clock g5
-----------------------------------------------------

+-----------+-----------------+-------------------+-------+-------------+---------------+-------------+----------+----------------+----------+-----------------------------------+
| Global Id | Driver Type/Pin | Driver Region (D) | Clock | Period (ns) | Waveform (ns) | Slice Loads | IO Loads | Clocking Loads | GT Loads | Net                               |
+-----------+-----------------+-------------------+-------+-------------+---------------+-------------+----------+----------------+----------+-----------------------------------+
| g5        | BUFG/O          | n/a               |       |             |               |          30 |        0 |              0 |        0 | NV_project_i/AD1RefComp_0/clk_div |
+-----------+-----------------+-------------------+-------+-------------+---------------+-------------+----------+----------------+----------+-----------------------------------+
* Logic Loads column represents load cell count of all cell types other than IO, GT and clock resources
** IO Loads column represents load cell count of IO types
*** Clocking Loads column represents load cell count that are clock resources (global clock buffer, MMCM, PLL, etc)
**** GT Loads column represents load cell count of GT types


+----+-----+----+
|    | X0  | X1 |
+----+-----+----+
| Y2 |   0 |  0 |
| Y1 |  30 |  0 |
| Y0 |   0 |  0 |
+----+-----+----+


13. Clock Region Cell Placement per Global Clock: Region X1Y0
-------------------------------------------------------------

+-----------+-------+-----------------+------------+-------------+-----------------+-----+--------+------+-----+----+------+-----+---------+--------------------------------------------------+
| Global Id | Track | Driver Type/Pin | Constraint | Clock Loads | Non-Clock Loads | FF  | LUTRAM | RAMB | DSP | GT | MMCM | PLL | Hard IP | Net                                              |
+-----------+-------+-----------------+------------+-------------+-----------------+-----+--------+------+-----+----+------+-----+---------+--------------------------------------------------+
| g0        | n/a   | BUFG/O          | None       |         558 |               0 | 553 |      1 |    0 |   4 |  0 |    0 |   0 |       0 | NV_project_i/processing_system7_0/inst/FCLK_CLK0 |
| g4        | n/a   | BUFG/O          | None       |           1 |               0 |   1 |      0 |    0 |   0 |  0 |    0 |   0 |       0 | NV_project_i/processing_system7_0/inst/FCLK_CLK1 |
+-----------+-------+-----------------+------------+-------------+-----------------+-----+--------+------+-----+----+------+-----+---------+--------------------------------------------------+
* Clock Loads column represents the clock pin loads (pin count)
** Non-Clock Loads column represents the non-clock pin loads (pin count)
*** Columns FF, LUTRAM, RAMB through 'Hard IP' represents load cell counts


14. Clock Region Cell Placement per Global Clock: Region X0Y1
-------------------------------------------------------------

+-----------+-------+-----------------+------------+-------------+-----------------+------+--------+------+-----+----+------+-----+---------+--------------------------------------------------+
| Global Id | Track | Driver Type/Pin | Constraint | Clock Loads | Non-Clock Loads | FF   | LUTRAM | RAMB | DSP | GT | MMCM | PLL | Hard IP | Net                                              |
+-----------+-------+-----------------+------------+-------------+-----------------+------+--------+------+-----+----+------+-----+---------+--------------------------------------------------+
| g0        | n/a   | BUFG/O          | None       |        2689 |               0 | 2582 |    104 |    3 |   0 |  0 |    0 |   0 |       0 | NV_project_i/processing_system7_0/inst/FCLK_CLK0 |
| g3        | n/a   | BUFG/O          | None       |          40 |               0 |   40 |      0 |    0 |   0 |  0 |    0 |   0 |       0 | NV_project_i/AD_5293_v2_0/CLK_OUT                |
| g5        | n/a   | BUFG/O          | None       |          30 |               0 |   30 |      0 |    0 |   0 |  0 |    0 |   0 |       0 | NV_project_i/AD1RefComp_0/clk_div                |
+-----------+-------+-----------------+------------+-------------+-----------------+------+--------+------+-----+----+------+-----+---------+--------------------------------------------------+
* Clock Loads column represents the clock pin loads (pin count)
** Non-Clock Loads column represents the non-clock pin loads (pin count)
*** Columns FF, LUTRAM, RAMB through 'Hard IP' represents load cell counts


15. Clock Region Cell Placement per Global Clock: Region X1Y1
-------------------------------------------------------------

+-----------+-------+-----------------+------------+-------------+-----------------+------+--------+------+-----+----+------+-----+---------+--------------------------------------------------+
| Global Id | Track | Driver Type/Pin | Constraint | Clock Loads | Non-Clock Loads | FF   | LUTRAM | RAMB | DSP | GT | MMCM | PLL | Hard IP | Net                                              |
+-----------+-------+-----------------+------------+-------------+-----------------+------+--------+------+-----+----+------+-----+---------+--------------------------------------------------+
| g0        | n/a   | BUFG/O          | None       |        4698 |               0 | 4344 |    330 |    8 |  14 |  0 |    0 |   0 |       0 | NV_project_i/processing_system7_0/inst/FCLK_CLK0 |
| g1        | n/a   | BUFG/O          | None       |         455 |               0 |  455 |      0 |    0 |   0 |  0 |    0 |   0 |       0 | dbg_hub/inst/BSCANID.u_xsdbm_id/itck_i           |
| g3        | n/a   | BUFG/O          | None       |           0 |               1 |    0 |      0 |    0 |   0 |  0 |    0 |   0 |       0 | NV_project_i/AD_5293_v2_0/CLK_OUT                |
| g4        | n/a   | BUFG/O          | None       |           2 |               0 |    2 |      0 |    0 |   0 |  0 |    0 |   0 |       0 | NV_project_i/processing_system7_0/inst/FCLK_CLK1 |
+-----------+-------+-----------------+------------+-------------+-----------------+------+--------+------+-----+----+------+-----+---------+--------------------------------------------------+
* Clock Loads column represents the clock pin loads (pin count)
** Non-Clock Loads column represents the non-clock pin loads (pin count)
*** Columns FF, LUTRAM, RAMB through 'Hard IP' represents load cell counts


16. Clock Region Cell Placement per Global Clock: Region X0Y2
-------------------------------------------------------------

+-----------+-------+-----------------+------------+-------------+-----------------+------+--------+------+-----+----+------+-----+---------+--------------------------------------------------+
| Global Id | Track | Driver Type/Pin | Constraint | Clock Loads | Non-Clock Loads | FF   | LUTRAM | RAMB | DSP | GT | MMCM | PLL | Hard IP | Net                                              |
+-----------+-------+-----------------+------------+-------------+-----------------+------+--------+------+-----+----+------+-----+---------+--------------------------------------------------+
| g0        | n/a   | BUFG/O          | None       |        1976 |               0 | 1907 |     50 |    1 |  17 |  0 |    0 |   0 |       0 | NV_project_i/processing_system7_0/inst/FCLK_CLK0 |
| g4        | n/a   | BUFG/O          | None       |          34 |               0 |   33 |      1 |    0 |   0 |  0 |    0 |   0 |       0 | NV_project_i/processing_system7_0/inst/FCLK_CLK1 |
+-----------+-------+-----------------+------------+-------------+-----------------+------+--------+------+-----+----+------+-----+---------+--------------------------------------------------+
* Clock Loads column represents the clock pin loads (pin count)
** Non-Clock Loads column represents the non-clock pin loads (pin count)
*** Columns FF, LUTRAM, RAMB through 'Hard IP' represents load cell counts


17. Clock Region Cell Placement per Global Clock: Region X1Y2
-------------------------------------------------------------

+-----------+-------+-----------------+------------+-------------+-----------------+------+--------+------+-----+----+------+-----+---------+--------------------------------------------------+
| Global Id | Track | Driver Type/Pin | Constraint | Clock Loads | Non-Clock Loads | FF   | LUTRAM | RAMB | DSP | GT | MMCM | PLL | Hard IP | Net                                              |
+-----------+-------+-----------------+------------+-------------+-----------------+------+--------+------+-----+----+------+-----+---------+--------------------------------------------------+
| g0        | n/a   | BUFG/O          | None       |        5472 |               0 | 5361 |     72 |    3 |  36 |  0 |    0 |   0 |       0 | NV_project_i/processing_system7_0/inst/FCLK_CLK0 |
| g2        | n/a   | BUFG/O          | None       |         281 |               6 |  264 |     17 |    0 |   0 |  0 |    0 |   0 |       0 | NV_project_i/DAC_121s101_0/CLK_OUT               |
+-----------+-------+-----------------+------------+-------------+-----------------+------+--------+------+-----+----+------+-----+---------+--------------------------------------------------+
* Clock Loads column represents the clock pin loads (pin count)
** Non-Clock Loads column represents the non-clock pin loads (pin count)
*** Columns FF, LUTRAM, RAMB through 'Hard IP' represents load cell counts



# Location of BUFG Primitives 
set_property LOC BUFGCTRL_X0Y2 [get_cells dbg_hub/inst/BSCANID.u_xsdbm_id/SWITCH_N_EXT_BSCAN.u_bufg_icon_tck]
set_property LOC BUFGCTRL_X0Y17 [get_cells NV_project_i/processing_system7_0/inst/buffer_fclk_clk_1.FCLK_CLK_1_BUFG]
set_property LOC BUFGCTRL_X0Y16 [get_cells NV_project_i/processing_system7_0/inst/buffer_fclk_clk_0.FCLK_CLK_0_BUFG]
set_property LOC BUFGCTRL_X0Y0 [get_cells NV_project_i/DAC_121s101_0/CLK_OUT_BUFG_inst]
set_property LOC BUFGCTRL_X0Y1 [get_cells NV_project_i/AD_5293_v2_0/CLK_OUT_BUFG_inst]
set_property LOC BUFGCTRL_X0Y3 [get_cells NV_project_i/AD1RefComp_0/DATA1_reg[11]_i_1]

# Location of IO Primitives which is load of clock spine
set_property LOC IOB_X1Y95 [get_cells SCLK_out_7_OBUF_inst]
set_property LOC IOB_X1Y104 [get_cells SCLK_out_6_OBUF_inst]
set_property LOC IOB_X1Y131 [get_cells SCLK_out_4_OBUF_inst]
set_property LOC IOB_X1Y106 [get_cells SCLK_out_3_OBUF_inst]
set_property LOC IOB_X1Y126 [get_cells SCLK_out_2_OBUF_inst]
set_property LOC IOB_X1Y146 [get_cells SCLK_out_1_OBUF_inst]
set_property LOC IOB_X1Y139 [get_cells SCLK_out_0_OBUF_inst]

# Location of clock ports

# Clock net "dbg_hub/inst/BSCANID.u_xsdbm_id/itck_i" driven by instance "dbg_hub/inst/BSCANID.u_xsdbm_id/SWITCH_N_EXT_BSCAN.u_bufg_icon_tck" located at site "BUFGCTRL_X0Y2"
#startgroup
create_pblock {CLKAG_dbg_hub/inst/BSCANID.u_xsdbm_id/itck_i}
add_cells_to_pblock [get_pblocks  {CLKAG_dbg_hub/inst/BSCANID.u_xsdbm_id/itck_i}] [get_cells -filter { PRIMITIVE_GROUP != I/O && IS_PRIMITIVE==1 && PRIMITIVE_LEVEL !=INTERNAL } -of_object [get_pins -filter {DIRECTION==IN} -of_objects [get_nets -hierarchical -filter {PARENT=="dbg_hub/inst/BSCANID.u_xsdbm_id/itck_i"}]]]
resize_pblock [get_pblocks {CLKAG_dbg_hub/inst/BSCANID.u_xsdbm_id/itck_i}] -add {CLOCKREGION_X1Y1:CLOCKREGION_X1Y1}
#endgroup

# Clock net "NV_project_i/processing_system7_0/inst/FCLK_CLK1" driven by instance "NV_project_i/processing_system7_0/inst/buffer_fclk_clk_1.FCLK_CLK_1_BUFG" located at site "BUFGCTRL_X0Y17"
#startgroup
create_pblock {CLKAG_NV_project_i/processing_system7_0/inst/FCLK_CLK1}
add_cells_to_pblock [get_pblocks  {CLKAG_NV_project_i/processing_system7_0/inst/FCLK_CLK1}] [get_cells -filter { PRIMITIVE_GROUP != I/O && IS_PRIMITIVE==1 && PRIMITIVE_LEVEL !=INTERNAL } -of_object [get_pins -filter {DIRECTION==IN} -of_objects [get_nets -hierarchical -filter {PARENT=="NV_project_i/processing_system7_0/inst/FCLK_CLK1"}]]]
resize_pblock [get_pblocks {CLKAG_NV_project_i/processing_system7_0/inst/FCLK_CLK1}] -add {CLOCKREGION_X0Y2:CLOCKREGION_X0Y2 CLOCKREGION_X1Y0:CLOCKREGION_X1Y0 CLOCKREGION_X1Y1:CLOCKREGION_X1Y1}
#endgroup

# Clock net "NV_project_i/processing_system7_0/inst/FCLK_CLK0" driven by instance "NV_project_i/processing_system7_0/inst/buffer_fclk_clk_0.FCLK_CLK_0_BUFG" located at site "BUFGCTRL_X0Y16"
#startgroup
create_pblock {CLKAG_NV_project_i/processing_system7_0/inst/FCLK_CLK0}
add_cells_to_pblock [get_pblocks  {CLKAG_NV_project_i/processing_system7_0/inst/FCLK_CLK0}] [get_cells -filter { PRIMITIVE_GROUP != I/O && IS_PRIMITIVE==1 && PRIMITIVE_LEVEL !=INTERNAL } -of_object [get_pins -filter {DIRECTION==IN} -of_objects [get_nets -hierarchical -filter {PARENT=="NV_project_i/processing_system7_0/inst/FCLK_CLK0"}]]]
resize_pblock [get_pblocks {CLKAG_NV_project_i/processing_system7_0/inst/FCLK_CLK0}] -add {CLOCKREGION_X0Y1:CLOCKREGION_X0Y1 CLOCKREGION_X0Y2:CLOCKREGION_X0Y2 CLOCKREGION_X1Y0:CLOCKREGION_X1Y0 CLOCKREGION_X1Y1:CLOCKREGION_X1Y1 CLOCKREGION_X1Y2:CLOCKREGION_X1Y2}
#endgroup

# Clock net "NV_project_i/DAC_121s101_0/CLK_OUT" driven by instance "NV_project_i/DAC_121s101_0/CLK_OUT_BUFG_inst" located at site "BUFGCTRL_X0Y0"
#startgroup
create_pblock {CLKAG_NV_project_i/DAC_121s101_0/CLK_OUT}
add_cells_to_pblock [get_pblocks  {CLKAG_NV_project_i/DAC_121s101_0/CLK_OUT}] [get_cells -filter { PRIMITIVE_GROUP != I/O && IS_PRIMITIVE==1 && PRIMITIVE_LEVEL !=INTERNAL && NAME!=SCLK_out_6_OBUF_inst && NAME!=SCLK_out_4_OBUF_inst && NAME!=SCLK_out_3_OBUF_inst && NAME!=SCLK_out_2_OBUF_inst && NAME!=SCLK_out_1_OBUF_inst && NAME!=SCLK_out_0_OBUF_inst} -of_object [get_pins -filter {DIRECTION==IN} -of_objects [get_nets -hierarchical -filter {PARENT=="NV_project_i/DAC_121s101_0/CLK_OUT"}]]]
resize_pblock [get_pblocks {CLKAG_NV_project_i/DAC_121s101_0/CLK_OUT}] -add {CLOCKREGION_X1Y2:CLOCKREGION_X1Y2}
#endgroup

# Clock net "NV_project_i/AD_5293_v2_0/CLK_OUT" driven by instance "NV_project_i/AD_5293_v2_0/CLK_OUT_BUFG_inst" located at site "BUFGCTRL_X0Y1"
#startgroup
create_pblock {CLKAG_NV_project_i/AD_5293_v2_0/CLK_OUT}
add_cells_to_pblock [get_pblocks  {CLKAG_NV_project_i/AD_5293_v2_0/CLK_OUT}] [get_cells -filter { PRIMITIVE_GROUP != I/O && IS_PRIMITIVE==1 && PRIMITIVE_LEVEL !=INTERNAL && NAME!=SCLK_out_7_OBUF_inst} -of_object [get_pins -filter {DIRECTION==IN} -of_objects [get_nets -hierarchical -filter {PARENT=="NV_project_i/AD_5293_v2_0/CLK_OUT"}]]]
resize_pblock [get_pblocks {CLKAG_NV_project_i/AD_5293_v2_0/CLK_OUT}] -add {CLOCKREGION_X0Y1:CLOCKREGION_X0Y1}
#endgroup

# Clock net "NV_project_i/AD1RefComp_0/clk_div" driven by instance "NV_project_i/AD1RefComp_0/DATA1_reg[11]_i_1" located at site "BUFGCTRL_X0Y3"
#startgroup
create_pblock {CLKAG_NV_project_i/AD1RefComp_0/clk_div}
add_cells_to_pblock [get_pblocks  {CLKAG_NV_project_i/AD1RefComp_0/clk_div}] [get_cells -filter { PRIMITIVE_GROUP != I/O && IS_PRIMITIVE==1 && PRIMITIVE_LEVEL !=INTERNAL } -of_object [get_pins -filter {DIRECTION==IN} -of_objects [get_nets -hierarchical -filter {PARENT=="NV_project_i/AD1RefComp_0/clk_div"}]]]
resize_pblock [get_pblocks {CLKAG_NV_project_i/AD1RefComp_0/clk_div}] -add {CLOCKREGION_X0Y1:CLOCKREGION_X0Y1}
#endgroup
